#
# There is insufficient memory for the Java Runtime Environment to continue.
# Native memory allocation (mmap) failed to map 30408704 bytes for Failed to commit area from 0x0000000089000000 to 0x000000008ad00000 of length 30408704.
# Possible reasons:
#   The system is out of physical RAM or swap space
#   The process is running with CompressedOops enabled, and the Java Heap may be blocking the growth of the native heap
# Possible solutions:
#   Reduce memory load on the system
#   Increase physical memory or swap space
#   Check if swap backing store is full
#   Decrease Java heap size (-Xmx/-Xms)
#   Decrease number of Java threads
#   Decrease Java thread stack sizes (-Xss)
#   Set larger code cache with -XX:ReservedCodeCacheSize=
#   JVM is running with Unscaled Compressed Oops mode in which the Java heap is
#     placed in the first 4GB address space. The Java Heap base address is the
#     maximum limit for the native heap growth. Please use -XX:HeapBaseMinAddress
#     to set the Java Heap base and to place the Java Heap above 4GB virtual address.
# This output file may be truncated or incomplete.
#
#  Out of Memory Error (./src/hotspot/os/windows/os_windows.cpp:3619), pid=26816, tid=12344
#
# JRE version: OpenJDK Runtime Environment (11.0.13) (build 11.0.13+0-b1751.21-8125866)
# Java VM: OpenJDK 64-Bit Server VM (11.0.13+0-b1751.21-8125866, mixed mode, tiered, compressed oops, g1 gc, windows-amd64)
# No core dump will be written. Minidumps are not enabled by default on client versions of Windows
#

---------------  S U M M A R Y ------------

Command Line: --add-opens=java.base/java.util=ALL-UNNAMED --add-opens=java.base/java.lang=ALL-UNNAMED --add-opens=java.base/java.lang.invoke=ALL-UNNAMED --add-opens=java.prefs/java.util.prefs=ALL-UNNAMED -Xmx2048m -Dfile.encoding=UTF-8 -Duser.country=US -Duser.language=en -Duser.variant org.gradle.launcher.daemon.bootstrap.GradleDaemon 6.5

Host: AMD Ryzen 5 5500U with Radeon Graphics         , 12 cores, 7G,  Windows 10 , 64 bit Build 19041 (10.0.19041.2364)
Time: Fri Jan  6 23:12:44 2023 India Standard Time elapsed time: 29.465684 seconds (0d 0h 0m 29s)

---------------  T H R E A D  ---------------

Current thread (0x00000222453d3800):  VMThread "VM Thread" [stack: 0x000000e0bd700000,0x000000e0bd800000] [id=12344]

Stack: [0x000000e0bd700000,0x000000e0bd800000]
[error occurred during error reporting (printing stack bounds), id 0xc0000005, EXCEPTION_ACCESS_VIOLATION (0xc0000005) at pc=0x000002222dee112d]

Native frames: (J=compiled Java code, j=interpreted, Vv=VM code, C=native code)
V  [jvm.dll+0x6100fa]
V  [jvm.dll+0x747090]
V  [jvm.dll+0x7486ad]
V  [jvm.dll+0x748ce5]
V  [jvm.dll+0x748c9b]
V  [jvm.dll+0x60f224]
V  [jvm.dll+0x60f9b8]
C  [ntdll.dll+0xa241f]
C  [ntdll.dll+0x514a4]
C  [ntdll.dll+0xa0f4e]
C  0x000002222dee112d

VM_Operation (0x000000e0c7afd4c0): G1CollectForAllocation, mode: safepoint, requested by thread 0x000002224c02e800


---------------  P R O C E S S  ---------------

Threads class SMR info:
_java_thread_list=0x000002224e743610, length=174, elements={
0x000002222a3ba000, 0x00000222453d7000, 0x00000222453e0800, 0x0000022245d62800,
0x00000222453f2000, 0x00000222453f6000, 0x0000022245403000, 0x0000022245408800,
0x0000022245409800, 0x0000022245ed8000, 0x00000222471fd000, 0x000002224724d000,
0x000002224724e000, 0x00000222475b3000, 0x0000022247582000, 0x000002224766a000,
0x000002224766c000, 0x0000022247670000, 0x000002224766f000, 0x000002224a2bd000,
0x000002224a2c2000, 0x000002224a90f000, 0x000002224a91b800, 0x000002224a919000,
0x000002224a917800, 0x000002224a915800, 0x000002224a918000, 0x000002224a91a800,
0x000002224a919800, 0x000002224a91c000, 0x000002224a916800, 0x000002224a91d000,
0x000002224a3b1000, 0x000002224a3b4000, 0x000002224a3b1800, 0x000002224a3ae800,
0x000002224a3b3800, 0x000002224a3b2800, 0x000002224a3b5000, 0x000002224a3af800,
0x000002224a3b6000, 0x000002224a3b0000, 0x000002224a3bc800, 0x000002224a3b9000,
0x000002224a3bb800, 0x000002224a3b6800, 0x000002224a3bd000, 0x000002224a3b7800,
0x000002224a3b8000, 0x000002224a3ba000, 0x000002224a3ba800, 0x000002224a32d800,
0x000002224a32f000, 0x000002224a330800, 0x000002224a32e800, 0x000002224a330000,
0x000002224a32c800, 0x000002224a332800, 0x000002224a337000, 0x000002224a333000,
0x000002224a336800, 0x000002224a335000, 0x000002224a334000, 0x000002224a335800,
0x000002224a331800, 0x000002224a339000, 0x000002224a338000, 0x000002224a33b800,
0x000002224a339800, 0x000002224a33a800, 0x000002224a342800, 0x000002224a33e800,
0x000002224a33f000, 0x000002224a340000, 0x000002224a33c800, 0x000002224a340800,
0x000002224a341800, 0x000002224a343000, 0x000002224a33d800, 0x000002224a345800,
0x000002224a349000, 0x000002224a346800, 0x000002224a348000, 0x000002224a347000,
0x000002224a349800, 0x000002224a344000, 0x000002224a34a800, 0x000002224a345000,
0x000002224a34b800, 0x000002224a3ea000, 0x000002224a3eb800, 0x000002224a3ec800,
0x000002224a3ed000, 0x000002224a3ea800, 0x000002224a3ee000, 0x000002224a3e8800,
0x000002224a3ef000, 0x000002224a3e9000, 0x000002224a3f2000, 0x000002224a3f1800,
0x000002224a3f3000, 0x000002224a3f3800, 0x000002224a3f5800, 0x000002224a3f4800,
0x000002224a3ef800, 0x000002224a3f0800, 0x000002224a3f6000, 0x000002224a3f7000,
0x000002224a60d800, 0x000002224a611800, 0x000002224a613000, 0x000002224a612000,
0x000002224a614000, 0x000002224a610000, 0x000002224a60e000, 0x000002224a60f000,
0x000002224a614800, 0x000002224a615800, 0x000002224a616800, 0x000002224a610800,
0x000002224a61c000, 0x000002224a619800, 0x000002224a617000, 0x000002224a618800,
0x000002224a61a800, 0x000002224a61b000, 0x000002224a618000, 0x000002224a910800,
0x000002224a911800, 0x000002224a912800, 0x000002224a913000, 0x000002224a914000,
0x000002224a910000, 0x000002224a90e800, 0x000002224a915000, 0x000002224766e800,
0x0000022247671000, 0x000002224766b000, 0x000002224766c800, 0x000002224766d800,
0x000002224a2c0800, 0x000002224a2c1000, 0x000002224a2bc800, 0x000002224a2c3000,
0x000002224c028000, 0x000002224c02d000, 0x000002224c02d800, 0x000002224c02c000,
0x000002224c02e800, 0x000002224c02f800, 0x000002224c02b800, 0x000002224c029800,
0x000002224c030000, 0x000002224c02a800, 0x000002224c032800, 0x000002224c033800,
0x000002224c031000, 0x000002224c034800, 0x000002224c035000, 0x000002224c036000,
0x000002224c036800, 0x000002224c032000, 0x000002224c96e800, 0x000002224c973000,
0x000002224c975000, 0x000002224c971800, 0x000002224c972800, 0x000002224c974000,
0x000002224c96f000, 0x000002224c975800, 0x000002224c970000, 0x000002224c976800,
0x000002224c970800, 0x000002224c97a800
}

Java Threads: ( => current thread )
  0x000002222a3ba000 JavaThread "main" [_thread_blocked, id=5144, stack(0x000000e0bd100000,0x000000e0bd200000)]
  0x00000222453d7000 JavaThread "Reference Handler" daemon [_thread_blocked, id=28904, stack(0x000000e0bd800000,0x000000e0bd900000)]
  0x00000222453e0800 JavaThread "Finalizer" daemon [_thread_blocked, id=20228, stack(0x000000e0bd900000,0x000000e0bda00000)]
  0x0000022245d62800 JavaThread "Signal Dispatcher" daemon [_thread_blocked, id=31064, stack(0x000000e0bda00000,0x000000e0bdb00000)]
  0x00000222453f2000 JavaThread "Attach Listener" daemon [_thread_blocked, id=31320, stack(0x000000e0bdb00000,0x000000e0bdc00000)]
  0x00000222453f6000 JavaThread "Service Thread" daemon [_thread_blocked, id=33540, stack(0x000000e0bdc00000,0x000000e0bdd00000)]
  0x0000022245403000 JavaThread "C2 CompilerThread0" daemon [_thread_blocked, id=33752, stack(0x000000e0bdd00000,0x000000e0bde00000)]
  0x0000022245408800 JavaThread "C1 CompilerThread0" daemon [_thread_blocked, id=33748, stack(0x000000e0bde00000,0x000000e0bdf00000)]
  0x0000022245409800 JavaThread "Sweeper thread" daemon [_thread_blocked, id=33732, stack(0x000000e0bdf00000,0x000000e0be000000)]
  0x0000022245ed8000 JavaThread "Common-Cleaner" daemon [_thread_blocked, id=33716, stack(0x000000e0be000000,0x000000e0be100000)]
  0x00000222471fd000 JavaThread "Daemon health stats" [_thread_blocked, id=33764, stack(0x000000e0be200000,0x000000e0be300000)]
  0x000002224724d000 JavaThread "Incoming local TCP Connector on port 60467" [_thread_in_native, id=32772, stack(0x000000e0be600000,0x000000e0be700000)]
  0x000002224724e000 JavaThread "Daemon periodic checks" [_thread_blocked, id=31392, stack(0x000000e0be700000,0x000000e0be800000)]
  0x00000222475b3000 JavaThread "Daemon" [_thread_blocked, id=22732, stack(0x000000e0be800000,0x000000e0be900000)]
  0x0000022247582000 JavaThread "Daemon worker" [_thread_blocked, id=29340, stack(0x000000e0beb00000,0x000000e0bec00000)]
  0x000002224766a000 JavaThread "Cache worker for journal cache (C:\Users\ASUS\.gradle\caches\journal-1)" [_thread_blocked, id=28436, stack(0x000000e0bf800000,0x000000e0bf900000)]
  0x000002224766c000 JavaThread "File lock request listener" [_thread_in_native, id=12448, stack(0x000000e0bf900000,0x000000e0bfa00000)]
  0x0000022247670000 JavaThread "Cache worker for file hash cache (C:\Users\ASUS\.gradle\caches\6.5\fileHashes)" [_thread_blocked, id=34108, stack(0x000000e0bfa00000,0x000000e0bfb00000)]
  0x000002224766f000 JavaThread "Cache worker for execution history cache (C:\Users\ASUS\.gradle\caches\6.5\executionHistory)" [_thread_blocked, id=34316, stack(0x000000e0c0100000,0x000000e0c0200000)]
  0x000002224a2bd000 JavaThread "jar transforms" [_thread_blocked, id=12508, stack(0x000000e0c0200000,0x000000e0c0300000)]
  0x000002224a2c2000 JavaThread "Cache worker for file content cache (C:\Users\ASUS\.gradle\caches\6.5\fileContent)" [_thread_blocked, id=32764, stack(0x000000e0c0300000,0x000000e0c0400000)]
  0x000002224a90f000 JavaThread "jar transforms Thread 2" [_thread_blocked, id=34556, stack(0x000000e0c1000000,0x000000e0c1100000)]
  0x000002224a91b800 JavaThread "jar transforms Thread 3" [_thread_blocked, id=34560, stack(0x000000e0c1100000,0x000000e0c1200000)]
  0x000002224a919000 JavaThread "jar transforms Thread 4" [_thread_blocked, id=34568, stack(0x000000e0c1200000,0x000000e0c1300000)]
  0x000002224a917800 JavaThread "jar transforms Thread 5" [_thread_blocked, id=34576, stack(0x000000e0c1300000,0x000000e0c1400000)]
  0x000002224a915800 JavaThread "jar transforms Thread 6" [_thread_blocked, id=34572, stack(0x000000e0c1400000,0x000000e0c1500000)]
  0x000002224a918000 JavaThread "jar transforms Thread 7" [_thread_blocked, id=16712, stack(0x000000e0c1500000,0x000000e0c1600000)]
  0x000002224a91a800 JavaThread "jar transforms Thread 8" [_thread_blocked, id=29636, stack(0x000000e0c1600000,0x000000e0c1700000)]
  0x000002224a919800 JavaThread "jar transforms Thread 9" [_thread_blocked, id=15368, stack(0x000000e0c1700000,0x000000e0c1800000)]
  0x000002224a91c000 JavaThread "jar transforms Thread 10" [_thread_blocked, id=17656, stack(0x000000e0c1800000,0x000000e0c1900000)]
  0x000002224a916800 JavaThread "jar transforms Thread 11" [_thread_blocked, id=34636, stack(0x000000e0c1900000,0x000000e0c1a00000)]
  0x000002224a91d000 JavaThread "jar transforms Thread 12" [_thread_blocked, id=34644, stack(0x000000e0c1a00000,0x000000e0c1b00000)]
  0x000002224a3b1000 JavaThread "jar transforms Thread 13" [_thread_blocked, id=34652, stack(0x000000e0c1b00000,0x000000e0c1c00000)]
  0x000002224a3b4000 JavaThread "jar transforms Thread 14" [_thread_blocked, id=34656, stack(0x000000e0c1c00000,0x000000e0c1d00000)]
  0x000002224a3b1800 JavaThread "jar transforms Thread 15" [_thread_blocked, id=34648, stack(0x000000e0c1d00000,0x000000e0c1e00000)]
  0x000002224a3ae800 JavaThread "jar transforms Thread 16" [_thread_blocked, id=34640, stack(0x000000e0c1e00000,0x000000e0c1f00000)]
  0x000002224a3b3800 JavaThread "jar transforms Thread 17" [_thread_blocked, id=34660, stack(0x000000e0c1f00000,0x000000e0c2000000)]
  0x000002224a3b2800 JavaThread "jar transforms Thread 18" [_thread_blocked, id=21020, stack(0x000000e0c2000000,0x000000e0c2100000)]
  0x000002224a3b5000 JavaThread "jar transforms Thread 19" [_thread_blocked, id=25376, stack(0x000000e0c2100000,0x000000e0c2200000)]
  0x000002224a3af800 JavaThread "jar transforms Thread 20" [_thread_blocked, id=4784, stack(0x000000e0c2200000,0x000000e0c2300000)]
  0x000002224a3b6000 JavaThread "jar transforms Thread 21" [_thread_blocked, id=31988, stack(0x000000e0c2300000,0x000000e0c2400000)]
  0x000002224a3b0000 JavaThread "jar transforms Thread 22" [_thread_blocked, id=20736, stack(0x000000e0c2400000,0x000000e0c2500000)]
  0x000002224a3bc800 JavaThread "jar transforms Thread 23" [_thread_blocked, id=19984, stack(0x000000e0c2500000,0x000000e0c2600000)]
  0x000002224a3b9000 JavaThread "jar transforms Thread 24" [_thread_blocked, id=31492, stack(0x000000e0c2600000,0x000000e0c2700000)]
  0x000002224a3bb800 JavaThread "jar transforms Thread 25" [_thread_blocked, id=26200, stack(0x000000e0c2700000,0x000000e0c2800000)]
  0x000002224a3b6800 JavaThread "jar transforms Thread 26" [_thread_blocked, id=26048, stack(0x000000e0c2800000,0x000000e0c2900000)]
  0x000002224a3bd000 JavaThread "jar transforms Thread 27" [_thread_blocked, id=31520, stack(0x000000e0c2900000,0x000000e0c2a00000)]
  0x000002224a3b7800 JavaThread "jar transforms Thread 28" [_thread_blocked, id=31512, stack(0x000000e0c2a00000,0x000000e0c2b00000)]
  0x000002224a3b8000 JavaThread "jar transforms Thread 29" [_thread_blocked, id=32756, stack(0x000000e0c2b00000,0x000000e0c2c00000)]
  0x000002224a3ba000 JavaThread "jar transforms Thread 30" [_thread_blocked, id=31288, stack(0x000000e0c2c00000,0x000000e0c2d00000)]
  0x000002224a3ba800 JavaThread "jar transforms Thread 31" [_thread_blocked, id=32760, stack(0x000000e0c2d00000,0x000000e0c2e00000)]
  0x000002224a32d800 JavaThread "jar transforms Thread 32" [_thread_blocked, id=25128, stack(0x000000e0c2e00000,0x000000e0c2f00000)]
  0x000002224a32f000 JavaThread "jar transforms Thread 33" [_thread_blocked, id=24992, stack(0x000000e0c2f00000,0x000000e0c3000000)]
  0x000002224a330800 JavaThread "jar transforms Thread 34" [_thread_blocked, id=8820, stack(0x000000e0c3000000,0x000000e0c3100000)]
  0x000002224a32e800 JavaThread "jar transforms Thread 35" [_thread_blocked, id=28376, stack(0x000000e0c3100000,0x000000e0c3200000)]
  0x000002224a330000 JavaThread "jar transforms Thread 36" [_thread_blocked, id=19700, stack(0x000000e0c3200000,0x000000e0c3300000)]
  0x000002224a32c800 JavaThread "jar transforms Thread 37" [_thread_blocked, id=32572, stack(0x000000e0c3300000,0x000000e0c3400000)]
  0x000002224a332800 JavaThread "jar transforms Thread 38" [_thread_blocked, id=32056, stack(0x000000e0c3400000,0x000000e0c3500000)]
  0x000002224a337000 JavaThread "jar transforms Thread 39" [_thread_blocked, id=32452, stack(0x000000e0c3500000,0x000000e0c3600000)]
  0x000002224a333000 JavaThread "jar transforms Thread 40" [_thread_blocked, id=7352, stack(0x000000e0c3600000,0x000000e0c3700000)]
  0x000002224a336800 JavaThread "jar transforms Thread 41" [_thread_blocked, id=27908, stack(0x000000e0c3700000,0x000000e0c3800000)]
  0x000002224a335000 JavaThread "jar transforms Thread 42" [_thread_blocked, id=13764, stack(0x000000e0c3800000,0x000000e0c3900000)]
  0x000002224a334000 JavaThread "jar transforms Thread 43" [_thread_blocked, id=34740, stack(0x000000e0c3900000,0x000000e0c3a00000)]
  0x000002224a335800 JavaThread "jar transforms Thread 44" [_thread_blocked, id=32692, stack(0x000000e0c3a00000,0x000000e0c3b00000)]
  0x000002224a331800 JavaThread "jar transforms Thread 45" [_thread_blocked, id=32012, stack(0x000000e0c3b00000,0x000000e0c3c00000)]
  0x000002224a339000 JavaThread "jar transforms Thread 46" [_thread_blocked, id=24792, stack(0x000000e0c3c00000,0x000000e0c3d00000)]
  0x000002224a338000 JavaThread "jar transforms Thread 47" [_thread_blocked, id=32228, stack(0x000000e0c3d00000,0x000000e0c3e00000)]
  0x000002224a33b800 JavaThread "jar transforms Thread 48" [_thread_blocked, id=33284, stack(0x000000e0c3e00000,0x000000e0c3f00000)]
  0x000002224a339800 JavaThread "jar transforms Thread 49" [_thread_blocked, id=34700, stack(0x000000e0c3f00000,0x000000e0c4000000)]
  0x000002224a33a800 JavaThread "jar transforms Thread 50" [_thread_blocked, id=15172, stack(0x000000e0c4000000,0x000000e0c4100000)]
  0x000002224a342800 JavaThread "jar transforms Thread 51" [_thread_blocked, id=21400, stack(0x000000e0c4100000,0x000000e0c4200000)]
  0x000002224a33e800 JavaThread "jar transforms Thread 52" [_thread_blocked, id=29632, stack(0x000000e0c4200000,0x000000e0c4300000)]
  0x000002224a33f000 JavaThread "jar transforms Thread 53" [_thread_blocked, id=30908, stack(0x000000e0c4300000,0x000000e0c4400000)]
  0x000002224a340000 JavaThread "jar transforms Thread 54" [_thread_blocked, id=31908, stack(0x000000e0c4400000,0x000000e0c4500000)]
  0x000002224a33c800 JavaThread "jar transforms Thread 55" [_thread_blocked, id=32300, stack(0x000000e0c4500000,0x000000e0c4600000)]
  0x000002224a340800 JavaThread "jar transforms Thread 56" [_thread_blocked, id=32004, stack(0x000000e0c4600000,0x000000e0c4700000)]
  0x000002224a341800 JavaThread "jar transforms Thread 57" [_thread_blocked, id=32520, stack(0x000000e0c4700000,0x000000e0c4800000)]
  0x000002224a343000 JavaThread "jar transforms Thread 58" [_thread_blocked, id=31772, stack(0x000000e0c4800000,0x000000e0c4900000)]
  0x000002224a33d800 JavaThread "jar transforms Thread 59" [_thread_blocked, id=32568, stack(0x000000e0c4900000,0x000000e0c4a00000)]
  0x000002224a345800 JavaThread "jar transforms Thread 60" [_thread_blocked, id=31960, stack(0x000000e0c4a00000,0x000000e0c4b00000)]
  0x000002224a349000 JavaThread "jar transforms Thread 61" [_thread_blocked, id=31940, stack(0x000000e0c4b00000,0x000000e0c4c00000)]
  0x000002224a346800 JavaThread "jar transforms Thread 62" [_thread_blocked, id=8264, stack(0x000000e0c4c00000,0x000000e0c4d00000)]
  0x000002224a348000 JavaThread "jar transforms Thread 63" [_thread_blocked, id=33204, stack(0x000000e0c4d00000,0x000000e0c4e00000)]
  0x000002224a347000 JavaThread "jar transforms Thread 64" [_thread_blocked, id=33368, stack(0x000000e0c4e00000,0x000000e0c4f00000)]
  0x000002224a349800 JavaThread "jar transforms Thread 65" [_thread_blocked, id=32688, stack(0x000000e0c4f00000,0x000000e0c5000000)]
  0x000002224a344000 JavaThread "jar transforms Thread 66" [_thread_blocked, id=32716, stack(0x000000e0c5000000,0x000000e0c5100000)]
  0x000002224a34a800 JavaThread "jar transforms Thread 67" [_thread_blocked, id=32652, stack(0x000000e0c5100000,0x000000e0c5200000)]
  0x000002224a345000 JavaThread "jar transforms Thread 68" [_thread_blocked, id=34768, stack(0x000000e0c5200000,0x000000e0c5300000)]
  0x000002224a34b800 JavaThread "jar transforms Thread 69" [_thread_blocked, id=34760, stack(0x000000e0c5300000,0x000000e0c5400000)]
  0x000002224a3ea000 JavaThread "jar transforms Thread 70" [_thread_blocked, id=19480, stack(0x000000e0c5400000,0x000000e0c5500000)]
  0x000002224a3eb800 JavaThread "jar transforms Thread 71" [_thread_blocked, id=34756, stack(0x000000e0c5500000,0x000000e0c5600000)]
  0x000002224a3ec800 JavaThread "jar transforms Thread 72" [_thread_blocked, id=34752, stack(0x000000e0c5600000,0x000000e0c5700000)]
  0x000002224a3ed000 JavaThread "jar transforms Thread 73" [_thread_blocked, id=34764, stack(0x000000e0c5700000,0x000000e0c5800000)]
  0x000002224a3ea800 JavaThread "jar transforms Thread 74" [_thread_blocked, id=21004, stack(0x000000e0c5800000,0x000000e0c5900000)]
  0x000002224a3ee000 JavaThread "jar transforms Thread 75" [_thread_blocked, id=33396, stack(0x000000e0c5900000,0x000000e0c5a00000)]
  0x000002224a3e8800 JavaThread "jar transforms Thread 76" [_thread_blocked, id=33440, stack(0x000000e0c5a00000,0x000000e0c5b00000)]
  0x000002224a3ef000 JavaThread "jar transforms Thread 77" [_thread_blocked, id=33444, stack(0x000000e0c5b00000,0x000000e0c5c00000)]
  0x000002224a3e9000 JavaThread "jar transforms Thread 78" [_thread_blocked, id=14436, stack(0x000000e0c5c00000,0x000000e0c5d00000)]
  0x000002224a3f2000 JavaThread "jar transforms Thread 79" [_thread_blocked, id=1948, stack(0x000000e0c5d00000,0x000000e0c5e00000)]
  0x000002224a3f1800 JavaThread "jar transforms Thread 80" [_thread_blocked, id=31892, stack(0x000000e0c5e00000,0x000000e0c5f00000)]
  0x000002224a3f3000 JavaThread "jar transforms Thread 81" [_thread_blocked, id=32340, stack(0x000000e0c5f00000,0x000000e0c6000000)]
  0x000002224a3f3800 JavaThread "jar transforms Thread 82" [_thread_blocked, id=32048, stack(0x000000e0c6000000,0x000000e0c6100000)]
  0x000002224a3f5800 JavaThread "jar transforms Thread 83" [_thread_blocked, id=16612, stack(0x000000e0c6100000,0x000000e0c6200000)]
  0x000002224a3f4800 JavaThread "jar transforms Thread 84" [_thread_blocked, id=16576, stack(0x000000e0c6200000,0x000000e0c6300000)]
  0x000002224a3ef800 JavaThread "jar transforms Thread 85" [_thread_blocked, id=31124, stack(0x000000e0c6300000,0x000000e0c6400000)]
  0x000002224a3f0800 JavaThread "jar transforms Thread 86" [_thread_blocked, id=10596, stack(0x000000e0c6400000,0x000000e0c6500000)]
  0x000002224a3f6000 JavaThread "jar transforms Thread 87" [_thread_blocked, id=32440, stack(0x000000e0c6500000,0x000000e0c6600000)]
  0x000002224a3f7000 JavaThread "jar transforms Thread 88" [_thread_blocked, id=33984, stack(0x000000e0c6600000,0x000000e0c6700000)]
  0x000002224a60d800 JavaThread "jar transforms Thread 89" [_thread_blocked, id=34012, stack(0x000000e0c6700000,0x000000e0c6800000)]
  0x000002224a611800 JavaThread "jar transforms Thread 90" [_thread_blocked, id=34584, stack(0x000000e0c6800000,0x000000e0c6900000)]
  0x000002224a613000 JavaThread "jar transforms Thread 91" [_thread_blocked, id=34580, stack(0x000000e0c6900000,0x000000e0c6a00000)]
  0x000002224a612000 JavaThread "jar transforms Thread 92" [_thread_blocked, id=34588, stack(0x000000e0c6a00000,0x000000e0c6b00000)]
  0x000002224a614000 JavaThread "Handler for socket connection from /127.0.0.1:60467 to /127.0.0.1:60489" [_thread_in_native, id=35548, stack(0x000000e0be900000,0x000000e0bea00000)]
  0x000002224a610000 JavaThread "Cancel handler" [_thread_blocked, id=35552, stack(0x000000e0bea00000,0x000000e0beb00000)]
  0x000002224a60e000 JavaThread "Asynchronous log dispatcher for DefaultDaemonConnection: socket connection from /127.0.0.1:60467 to /127.0.0.1:60489" [_thread_blocked, id=35560, stack(0x000000e0bec00000,0x000000e0bed00000)]
  0x000002224a60f000 JavaThread "Stdin handler" [_thread_blocked, id=35568, stack(0x000000e0bed00000,0x000000e0bee00000)]
  0x000002224a614800 JavaThread "Thread-138" [_thread_blocked, id=35572, stack(0x000000e0bee00000,0x000000e0bef00000)]
  0x000002224a615800 JavaThread "Cache worker for file hash cache (C:\Users\ASUS\AndroidStudioProjects\Wi_Fi_Mouse\.gradle\6.5\fileHashes)" [_thread_blocked, id=35576, stack(0x000000e0bfd00000,0x000000e0bfe00000)]
  0x000002224a616800 JavaThread "Cache worker for checksums cache (C:\Users\ASUS\AndroidStudioProjects\Wi_Fi_Mouse\.gradle\checksums)" [_thread_blocked, id=35580, stack(0x000000e0bfe00000,0x000000e0bff00000)]
  0x000002224a610800 JavaThread "Cache worker for cache directory md-supplier (C:\Users\ASUS\.gradle\caches\6.5\md-supplier)" [_thread_blocked, id=35584, stack(0x000000e0bff00000,0x000000e0c0000000)]
  0x000002224a61c000 JavaThread "Cache worker for cache directory md-rule (C:\Users\ASUS\.gradle\caches\6.5\md-rule)" [_thread_blocked, id=35588, stack(0x000000e0c0000000,0x000000e0c0100000)]
  0x000002224a619800 JavaThread "Build operations" [_thread_blocked, id=35592, stack(0x000000e0c0400000,0x000000e0c0500000)]
  0x000002224a617000 JavaThread "Build operations Thread 2" [_thread_blocked, id=35596, stack(0x000000e0c0500000,0x000000e0c0600000)]
  0x000002224a618800 JavaThread "Build operations Thread 3" [_thread_blocked, id=35600, stack(0x000000e0c0600000,0x000000e0c0700000)]
  0x000002224a61a800 JavaThread "Build operations Thread 4" [_thread_blocked, id=35604, stack(0x000000e0c0700000,0x000000e0c0800000)]
  0x000002224a61b000 JavaThread "Build operations Thread 5" [_thread_blocked, id=35608, stack(0x000000e0c0800000,0x000000e0c0900000)]
  0x000002224a618000 JavaThread "Build operations Thread 6" [_thread_blocked, id=35612, stack(0x000000e0c0900000,0x000000e0c0a00000)]
  0x000002224a910800 JavaThread "Build operations Thread 7" [_thread_blocked, id=35616, stack(0x000000e0c0a00000,0x000000e0c0b00000)]
  0x000002224a911800 JavaThread "Build operations Thread 8" [_thread_blocked, id=35620, stack(0x000000e0c0b00000,0x000000e0c0c00000)]
  0x000002224a912800 JavaThread "Build operations Thread 9" [_thread_blocked, id=35624, stack(0x000000e0c0c00000,0x000000e0c0d00000)]
  0x000002224a913000 JavaThread "Build operations Thread 10" [_thread_blocked, id=35628, stack(0x000000e0c0d00000,0x000000e0c0e00000)]
  0x000002224a914000 JavaThread "Build operations Thread 11" [_thread_blocked, id=35632, stack(0x000000e0c0e00000,0x000000e0c0f00000)]
  0x000002224a910000 JavaThread "Build operations Thread 12" [_thread_blocked, id=35636, stack(0x000000e0c0f00000,0x000000e0c1000000)]
  0x000002224a90e800 JavaThread "Cache worker for Build Output Cleanup Cache (C:\Users\ASUS\AndroidStudioProjects\Wi_Fi_Mouse\.gradle\buildOutputCleanup)" [_thread_blocked, id=35640, stack(0x000000e0c6b00000,0x000000e0c6c00000)]
  0x000002224a915000 JavaThread "Memory manager" [_thread_blocked, id=35644, stack(0x000000e0c6c00000,0x000000e0c6d00000)]
  0x000002224766e800 JavaThread "Cache worker for file content cache (C:\Users\ASUS\AndroidStudioProjects\Wi_Fi_Mouse\.gradle\6.5\fileContent)" [_thread_blocked, id=35648, stack(0x000000e0c6d00000,0x000000e0c6e00000)]
  0x0000022247671000 JavaThread "Execution worker for ':'" [_thread_blocked, id=35668, stack(0x000000e0c6e00000,0x000000e0c6f00000)]
  0x000002224766b000 JavaThread "Execution worker for ':' Thread 2" [_thread_blocked, id=35672, stack(0x000000e0c6f00000,0x000000e0c7000000)]
  0x000002224766c800 JavaThread "Execution worker for ':' Thread 3" [_thread_blocked, id=35676, stack(0x000000e0c7000000,0x000000e0c7100000)]
  0x000002224766d800 JavaThread "Execution worker for ':' Thread 4" [_thread_blocked, id=35680, stack(0x000000e0c7100000,0x000000e0c7200000)]
  0x000002224a2c0800 JavaThread "Execution worker for ':' Thread 5" [_thread_blocked, id=35684, stack(0x000000e0c7200000,0x000000e0c7300000)]
  0x000002224a2c1000 JavaThread "Execution worker for ':' Thread 6" [_thread_blocked, id=35688, stack(0x000000e0c7300000,0x000000e0c7400000)]
  0x000002224a2bc800 JavaThread "Execution worker for ':' Thread 7" [_thread_blocked, id=35692, stack(0x000000e0c7400000,0x000000e0c7500000)]
  0x000002224a2c3000 JavaThread "Execution worker for ':' Thread 8" [_thread_blocked, id=35696, stack(0x000000e0c7500000,0x000000e0c7600000)]
  0x000002224c028000 JavaThread "Execution worker for ':' Thread 9" [_thread_blocked, id=35700, stack(0x000000e0c7600000,0x000000e0c7700000)]
  0x000002224c02d000 JavaThread "Execution worker for ':' Thread 10" [_thread_blocked, id=35704, stack(0x000000e0c7700000,0x000000e0c7800000)]
  0x000002224c02d800 JavaThread "Execution worker for ':' Thread 11" [_thread_blocked, id=35708, stack(0x000000e0c7800000,0x000000e0c7900000)]
  0x000002224c02c000 JavaThread "Cache worker for execution history cache (C:\Users\ASUS\AndroidStudioProjects\Wi_Fi_Mouse\.gradle\6.5\executionHistory)" [_thread_blocked, id=35712, stack(0x000000e0c7900000,0x000000e0c7a00000)]
  0x000002224c02e800 JavaThread "WorkerExecutor Queue" [_thread_blocked, id=35732, stack(0x000000e0c7a00000,0x000000e0c7b00000)]
  0x000002224c02f800 JavaThread "WorkerExecutor Queue Thread 2" [_thread_blocked, id=35796, stack(0x000000e0c7b00000,0x000000e0c7c00000)]
  0x000002224c02b800 JavaThread "WorkerExecutor Queue Thread 3" [_thread_blocked, id=35800, stack(0x000000e0c7c00000,0x000000e0c7d00000)]
  0x000002224c029800 JavaThread "WorkerExecutor Queue Thread 4" [_thread_blocked, id=35804, stack(0x000000e0c7d00000,0x000000e0c7e00000)]
  0x000002224c030000 JavaThread "WorkerExecutor Queue Thread 5" [_thread_blocked, id=35808, stack(0x000000e0c7e00000,0x000000e0c7f00000)]
  0x000002224c02a800 JavaThread "WorkerExecutor Queue Thread 6" [_thread_blocked, id=35812, stack(0x000000e0c7f00000,0x000000e0c8000000)]
  0x000002224c032800 JavaThread "pool-3-thread-1" [_thread_blocked, id=35816, stack(0x000000e0c8000000,0x000000e0c8100000)]
  0x000002224c033800 JavaThread "WorkerExecutor Queue Thread 7" [_thread_blocked, id=35820, stack(0x000000e0c8100000,0x000000e0c8200000)]
  0x000002224c031000 JavaThread "WorkerExecutor Queue Thread 8" [_thread_blocked, id=35824, stack(0x000000e0c8200000,0x000000e0c8300000)]
  0x000002224c034800 JavaThread "stderr" [_thread_in_native, id=1292, stack(0x000000e0c8300000,0x000000e0c8400000)]
  0x000002224c035000 JavaThread "stderr" [_thread_in_native, id=13948, stack(0x000000e0c8400000,0x000000e0c8500000)]
  0x000002224c036000 JavaThread "stdout" [_thread_in_native, id=34996, stack(0x000000e0c8500000,0x000000e0c8600000)]
  0x000002224c036800 JavaThread "stdout" [_thread_in_native, id=35040, stack(0x000000e0c8600000,0x000000e0c8700000)]
  0x000002224c032000 JavaThread "stderr" [_thread_in_native, id=35004, stack(0x000000e0c8700000,0x000000e0c8800000)]
  0x000002224c96e800 JavaThread "stdout" [_thread_in_native, id=35000, stack(0x000000e0c8800000,0x000000e0c8900000)]
  0x000002224c973000 JavaThread "stderr" [_thread_in_native, id=34960, stack(0x000000e0c8900000,0x000000e0c8a00000)]
  0x000002224c975000 JavaThread "stdout" [_thread_in_native, id=34956, stack(0x000000e0c8a00000,0x000000e0c8b00000)]
  0x000002224c971800 JavaThread "stderr" [_thread_in_native, id=28860, stack(0x000000e0c8b00000,0x000000e0c8c00000)]
  0x000002224c972800 JavaThread "stdout" [_thread_in_native, id=28856, stack(0x000000e0c8c00000,0x000000e0c8d00000)]
  0x000002224c974000 JavaThread "stderr" [_thread_in_native, id=21164, stack(0x000000e0c8d00000,0x000000e0c8e00000)]
  0x000002224c96f000 JavaThread "stdout" [_thread_in_native, id=17816, stack(0x000000e0c8e00000,0x000000e0c8f00000)]
  0x000002224c975800 JavaThread "stderr" [_thread_in_native, id=20760, stack(0x000000e0c8f00000,0x000000e0c9000000)]
  0x000002224c970000 JavaThread "stdout" [_thread_in_native, id=15684, stack(0x000000e0c9000000,0x000000e0c9100000)]
  0x000002224c976800 JavaThread "stderr" [_thread_in_native, id=2940, stack(0x000000e0c9100000,0x000000e0c9200000)]
  0x000002224c970800 JavaThread "stdout" [_thread_in_native, id=21868, stack(0x000000e0c9200000,0x000000e0c9300000)]
  0x000002224c97a800 JavaThread "WorkerExecutor Queue Thread 9" [_thread_blocked, id=34852, stack(0x000000e0c9300000,0x000000e0c9400000)]

Other Threads:
=>0x00000222453d3800 VMThread "VM Thread" [stack: 0x000000e0bd700000,0x000000e0bd800000] [id=12344]
  0x0000022245ef5000 WatcherThread [stack: 0x000000e0be100000,0x000000e0be200000] [id=33736]
  0x000002222a3d2000 GCTaskThread "GC Thread#0" [stack: 0x000000e0bd200000,0x000000e0bd300000] [id=14256]
  0x0000022246a90800 GCTaskThread "GC Thread#1" [stack: 0x000000e0be300000,0x000000e0be400000] [id=33744]
  0x0000022247841800 GCTaskThread "GC Thread#2" [stack: 0x000000e0bef00000,0x000000e0bf000000] [id=13712]
  0x00000222476b8800 GCTaskThread "GC Thread#3" [stack: 0x000000e0bf000000,0x000000e0bf100000] [id=8120]
  0x00000222476ee800 GCTaskThread "GC Thread#4" [stack: 0x000000e0bf100000,0x000000e0bf200000] [id=33784]
  0x0000022247777800 GCTaskThread "GC Thread#5" [stack: 0x000000e0bf200000,0x000000e0bf300000] [id=23276]
  0x000002224777a800 GCTaskThread "GC Thread#6" [stack: 0x000000e0bf300000,0x000000e0bf400000] [id=34008]
  0x000002224777b800 GCTaskThread "GC Thread#7" [stack: 0x000000e0bf400000,0x000000e0bf500000] [id=33712]
  0x000002224781c000 GCTaskThread "GC Thread#8" [stack: 0x000000e0bf500000,0x000000e0bf600000] [id=33600]
  0x000002224781d000 GCTaskThread "GC Thread#9" [stack: 0x000000e0bf600000,0x000000e0bf700000] [id=31220]
  0x000002222a403000 ConcurrentGCThread "G1 Main Marker" [stack: 0x000000e0bd300000,0x000000e0bd400000] [id=24928]
  0x000002222a407000 ConcurrentGCThread "G1 Conc#0" [stack: 0x000000e0bd400000,0x000000e0bd500000] [id=10384]
  0x0000022247860000 ConcurrentGCThread "G1 Conc#1" [stack: 0x000000e0bfb00000,0x000000e0bfc00000] [id=25876]
  0x0000022247861000 ConcurrentGCThread "G1 Conc#2" [stack: 0x000000e0bfc00000,0x000000e0bfd00000] [id=12588]
  0x0000022245220800 ConcurrentGCThread "G1 Refine#0" [stack: 0x000000e0bd500000,0x000000e0bd600000] [id=31256]
  0x00000222469e2000 ConcurrentGCThread "G1 Refine#1" [stack: 0x000000e0bf700000,0x000000e0bf800000] [id=34004]
  0x0000022245221000 ConcurrentGCThread "G1 Young RemSet Sampling" [stack: 0x000000e0bd600000,0x000000e0bd700000] [id=7224]

Threads with active compile tasks:
C2 CompilerThread0  29484 11167       4       com.esotericsoftware.kryo.io.Output::writeString (125 bytes)

VM state:at safepoint (normal execution)

VM Mutex/Monitor currently owned by a thread:  ([mutex/lock_event])
[0x000002222a3b6660] Threads_lock - owner thread: 0x00000222453d3800
[0x000002222a3b7470] Heap_lock - owner thread: 0x000002224c02e800

Heap address: 0x0000000080000000, size: 2048 MB, Compressed Oops mode: 32-bit
Narrow klass base: 0x0000000000000000, Narrow klass shift: 3
Compressed class space size: 1073741824 Address: 0x0000000100000000

Heap:
 garbage-first heap   total 177152K, used 70845K [0x0000000080000000, 0x0000000100000000)
  region size 1024K, 3 young (3072K), 3 survivors (3072K)
 Metaspace       used 85326K, capacity 87490K, committed 87596K, reserved 1126400K
  class space    used 10611K, capacity 11338K, committed 11392K, reserved 1048576K
Heap Regions: E=young(eden), S=young(survivor), O=old, HS=humongous(starts), HC=humongous(continues), CS=collection set, F=free, A=archive, TAMS=top-at-mark-start (previous, next)
|   0|0x0000000080000000, 0x0000000080100000, 0x0000000080100000|100%| O|  |TAMS 0x0000000080100000, 0x0000000080100000| Untracked 
|   1|0x0000000080100000, 0x0000000080200000, 0x0000000080200000|100%| O|  |TAMS 0x0000000080200000, 0x0000000080200000| Untracked 
|   2|0x0000000080200000, 0x0000000080300000, 0x0000000080300000|100%| O|  |TAMS 0x0000000080300000, 0x0000000080300000| Untracked 
|   3|0x0000000080300000, 0x0000000080400000, 0x0000000080400000|100%|HS|  |TAMS 0x0000000080400000, 0x0000000080400000| Complete 
|   4|0x0000000080400000, 0x0000000080500000, 0x0000000080500000|100%|HC|  |TAMS 0x0000000080500000, 0x0000000080500000| Complete 
|   5|0x0000000080500000, 0x0000000080600000, 0x0000000080600000|100%|HC|  |TAMS 0x0000000080600000, 0x0000000080600000| Complete 
|   6|0x0000000080600000, 0x0000000080700000, 0x0000000080700000|100%| O|  |TAMS 0x0000000080700000, 0x0000000080700000| Untracked 
|   7|0x0000000080700000, 0x0000000080800000, 0x0000000080800000|100%| O|  |TAMS 0x0000000080800000, 0x0000000080800000| Untracked 
|   8|0x0000000080800000, 0x0000000080900000, 0x0000000080900000|100%| O|  |TAMS 0x0000000080900000, 0x0000000080900000| Untracked 
|   9|0x0000000080900000, 0x0000000080a00000, 0x0000000080a00000|100%| O|  |TAMS 0x0000000080a00000, 0x0000000080a00000| Untracked 
|  10|0x0000000080a00000, 0x0000000080b00000, 0x0000000080b00000|100%| O|  |TAMS 0x0000000080b00000, 0x0000000080b00000| Untracked 
|  11|0x0000000080b00000, 0x0000000080c00000, 0x0000000080c00000|100%| O|  |TAMS 0x0000000080c00000, 0x0000000080c00000| Untracked 
|  12|0x0000000080c00000, 0x0000000080d00000, 0x0000000080d00000|100%| O|  |TAMS 0x0000000080d00000, 0x0000000080d00000| Untracked 
|  13|0x0000000080d00000, 0x0000000080e00000, 0x0000000080e00000|100%| O|  |TAMS 0x0000000080e00000, 0x0000000080e00000| Untracked 
|  14|0x0000000080e00000, 0x0000000080f00000, 0x0000000080f00000|100%| O|  |TAMS 0x0000000080f00000, 0x0000000080f00000| Untracked 
|  15|0x0000000080f00000, 0x0000000081000000, 0x0000000081000000|100%| O|  |TAMS 0x0000000081000000, 0x0000000081000000| Untracked 
|  16|0x0000000081000000, 0x0000000081100000, 0x0000000081100000|100%| O|  |TAMS 0x0000000081100000, 0x0000000081100000| Untracked 
|  17|0x0000000081100000, 0x0000000081200000, 0x0000000081200000|100%| O|  |TAMS 0x0000000081200000, 0x0000000081200000| Untracked 
|  18|0x0000000081200000, 0x0000000081300000, 0x0000000081300000|100%|HS|  |TAMS 0x0000000081300000, 0x0000000081300000| Complete 
|  19|0x0000000081300000, 0x0000000081400000, 0x0000000081400000|100%|HS|  |TAMS 0x0000000081400000, 0x0000000081400000| Complete 
|  20|0x0000000081400000, 0x0000000081500000, 0x0000000081500000|100%|HC|  |TAMS 0x0000000081500000, 0x0000000081500000| Complete 
|  21|0x0000000081500000, 0x0000000081600000, 0x0000000081600000|100%| O|  |TAMS 0x0000000081600000, 0x0000000081600000| Untracked 
|  22|0x0000000081600000, 0x0000000081700000, 0x0000000081700000|100%| O|  |TAMS 0x0000000081700000, 0x0000000081700000| Untracked 
|  23|0x0000000081700000, 0x0000000081800000, 0x0000000081800000|100%| O|  |TAMS 0x0000000081800000, 0x0000000081800000| Untracked 
|  24|0x0000000081800000, 0x0000000081900000, 0x0000000081900000|100%| O|  |TAMS 0x0000000081900000, 0x0000000081900000| Untracked 
|  25|0x0000000081900000, 0x0000000081a00000, 0x0000000081a00000|100%| O|  |TAMS 0x0000000081a00000, 0x0000000081a00000| Untracked 
|  26|0x0000000081a00000, 0x0000000081b00000, 0x0000000081b00000|100%| O|  |TAMS 0x0000000081b00000, 0x0000000081b00000| Untracked 
|  27|0x0000000081b00000, 0x0000000081c00000, 0x0000000081c00000|100%| O|  |TAMS 0x0000000081c00000, 0x0000000081c00000| Untracked 
|  28|0x0000000081c00000, 0x0000000081d00000, 0x0000000081d00000|100%| O|  |TAMS 0x0000000081d00000, 0x0000000081d00000| Untracked 
|  29|0x0000000081d00000, 0x0000000081e00000, 0x0000000081e00000|100%| O|  |TAMS 0x0000000081e00000, 0x0000000081e00000| Untracked 
|  30|0x0000000081e00000, 0x0000000081f00000, 0x0000000081f00000|100%| O|  |TAMS 0x0000000081f00000, 0x0000000081f00000| Untracked 
|  31|0x0000000081f00000, 0x0000000082000000, 0x0000000082000000|100%| O|  |TAMS 0x0000000082000000, 0x0000000082000000| Untracked 
|  32|0x0000000082000000, 0x0000000082100000, 0x0000000082100000|100%| O|  |TAMS 0x0000000082100000, 0x0000000082100000| Untracked 
|  33|0x0000000082100000, 0x0000000082200000, 0x0000000082200000|100%| O|  |TAMS 0x0000000082200000, 0x0000000082200000| Untracked 
|  34|0x0000000082200000, 0x0000000082300000, 0x0000000082300000|100%| O|  |TAMS 0x0000000082300000, 0x0000000082300000| Untracked 
|  35|0x0000000082300000, 0x0000000082400000, 0x0000000082400000|100%| O|  |TAMS 0x0000000082400000, 0x0000000082400000| Untracked 
|  36|0x0000000082400000, 0x0000000082500000, 0x0000000082500000|100%| O|  |TAMS 0x0000000082500000, 0x0000000082500000| Untracked 
|  37|0x0000000082500000, 0x0000000082600000, 0x0000000082600000|100%| O|  |TAMS 0x0000000082600000, 0x0000000082600000| Untracked 
|  38|0x0000000082600000, 0x0000000082700000, 0x0000000082700000|100%| O|  |TAMS 0x0000000082700000, 0x0000000082700000| Untracked 
|  39|0x0000000082700000, 0x0000000082800000, 0x0000000082800000|100%| O|  |TAMS 0x0000000082800000, 0x0000000082800000| Untracked 
|  40|0x0000000082800000, 0x0000000082900000, 0x0000000082900000|100%| O|  |TAMS 0x0000000082900000, 0x0000000082900000| Untracked 
|  41|0x0000000082900000, 0x0000000082a00000, 0x0000000082a00000|100%| O|  |TAMS 0x0000000082a00000, 0x0000000082a00000| Untracked 
|  42|0x0000000082a00000, 0x0000000082b00000, 0x0000000082b00000|100%| O|  |TAMS 0x0000000082b00000, 0x0000000082b00000| Untracked 
|  43|0x0000000082b00000, 0x0000000082c00000, 0x0000000082c00000|100%| O|  |TAMS 0x0000000082c00000, 0x0000000082c00000| Untracked 
|  44|0x0000000082c00000, 0x0000000082d00000, 0x0000000082d00000|100%| O|  |TAMS 0x0000000082d00000, 0x0000000082d00000| Untracked 
|  45|0x0000000082d00000, 0x0000000082e00000, 0x0000000082e00000|100%| O|  |TAMS 0x0000000082e00000, 0x0000000082e00000| Untracked 
|  46|0x0000000082e00000, 0x0000000082f00000, 0x0000000082f00000|100%| O|  |TAMS 0x0000000082f00000, 0x0000000082f00000| Untracked 
|  47|0x0000000082f00000, 0x0000000083000000, 0x0000000083000000|100%| O|  |TAMS 0x0000000083000000, 0x0000000083000000| Untracked 
|  48|0x0000000083000000, 0x0000000083100000, 0x0000000083100000|100%| O|  |TAMS 0x0000000083100000, 0x0000000083100000| Untracked 
|  49|0x0000000083100000, 0x0000000083200000, 0x0000000083200000|100%| O|  |TAMS 0x0000000083200000, 0x0000000083200000| Untracked 
|  50|0x0000000083200000, 0x0000000083300000, 0x0000000083300000|100%| O|  |TAMS 0x0000000083300000, 0x0000000083300000| Untracked 
|  51|0x0000000083300000, 0x0000000083400000, 0x0000000083400000|100%| O|  |TAMS 0x0000000083400000, 0x0000000083400000| Untracked 
|  52|0x0000000083400000, 0x0000000083500000, 0x0000000083500000|100%| O|  |TAMS 0x0000000083500000, 0x0000000083500000| Untracked 
|  53|0x0000000083500000, 0x0000000083600000, 0x0000000083600000|100%| O|  |TAMS 0x0000000083600000, 0x0000000083600000| Untracked 
|  54|0x0000000083600000, 0x0000000083700000, 0x0000000083700000|100%| O|  |TAMS 0x0000000083700000, 0x0000000083700000| Untracked 
|  55|0x0000000083700000, 0x0000000083800000, 0x0000000083800000|100%| O|  |TAMS 0x0000000083800000, 0x0000000083800000| Untracked 
|  56|0x0000000083800000, 0x0000000083900000, 0x0000000083900000|100%| O|  |TAMS 0x0000000083900000, 0x0000000083900000| Untracked 
|  57|0x0000000083900000, 0x0000000083a00000, 0x0000000083a00000|100%| O|  |TAMS 0x0000000083a00000, 0x0000000083a00000| Untracked 
|  58|0x0000000083a00000, 0x0000000083b00000, 0x0000000083b00000|100%| O|  |TAMS 0x0000000083b00000, 0x0000000083b00000| Untracked 
|  59|0x0000000083b00000, 0x0000000083c00000, 0x0000000083c00000|100%| O|  |TAMS 0x0000000083c00000, 0x0000000083c00000| Untracked 
|  60|0x0000000083c00000, 0x0000000083d00000, 0x0000000083d00000|100%| O|  |TAMS 0x0000000083d00000, 0x0000000083d00000| Untracked 
|  61|0x0000000083d00000, 0x0000000083e00000, 0x0000000083e00000|100%| O|  |TAMS 0x0000000083e00000, 0x0000000083e00000| Untracked 
|  62|0x0000000083e00000, 0x0000000083f00000, 0x0000000083f00000|100%| O|  |TAMS 0x0000000083e06a00, 0x0000000083f00000| Untracked 
|  63|0x0000000083f00000, 0x0000000083f6b000, 0x0000000084000000| 41%| O|  |TAMS 0x0000000083f00000, 0x0000000083f6b000| Untracked 
|  64|0x0000000084000000, 0x0000000084000000, 0x0000000084100000|  0%| F|  |TAMS 0x0000000084000000, 0x0000000084000000| Untracked 
|  65|0x0000000084100000, 0x0000000084200000, 0x0000000084200000|100%| O|  |TAMS 0x0000000084200000, 0x0000000084200000| Untracked 
|  66|0x0000000084200000, 0x0000000084300000, 0x0000000084300000|100%| O|  |TAMS 0x0000000084300000, 0x0000000084300000| Untracked 
|  67|0x0000000084300000, 0x0000000084300000, 0x0000000084400000|  0%| F|  |TAMS 0x0000000084300000, 0x0000000084300000| Untracked 
|  68|0x0000000084400000, 0x0000000084400000, 0x0000000084500000|  0%| F|  |TAMS 0x0000000084400000, 0x0000000084400000| Untracked 
|  69|0x0000000084500000, 0x0000000084500000, 0x0000000084600000|  0%| F|  |TAMS 0x0000000084500000, 0x0000000084500000| Untracked 
|  70|0x0000000084600000, 0x0000000084600000, 0x0000000084700000|  0%| F|  |TAMS 0x0000000084600000, 0x0000000084600000| Untracked 
|  71|0x0000000084700000, 0x0000000084700000, 0x0000000084800000|  0%| F|  |TAMS 0x0000000084700000, 0x0000000084700000| Untracked 
|  72|0x0000000084800000, 0x0000000084800000, 0x0000000084900000|  0%| F|  |TAMS 0x0000000084800000, 0x0000000084800000| Untracked 
|  73|0x0000000084900000, 0x0000000084900000, 0x0000000084a00000|  0%| F|  |TAMS 0x0000000084900000, 0x0000000084900000| Untracked 
|  74|0x0000000084a00000, 0x0000000084a00000, 0x0000000084b00000|  0%| F|  |TAMS 0x0000000084a00000, 0x0000000084a00000| Untracked 
|  75|0x0000000084b00000, 0x0000000084b00000, 0x0000000084c00000|  0%| F|  |TAMS 0x0000000084b00000, 0x0000000084b00000| Untracked 
|  76|0x0000000084c00000, 0x0000000084c00000, 0x0000000084d00000|  0%| F|  |TAMS 0x0000000084c00000, 0x0000000084c00000| Untracked 
|  77|0x0000000084d00000, 0x0000000084d00000, 0x0000000084e00000|  0%| F|  |TAMS 0x0000000084d00000, 0x0000000084d00000| Untracked 
|  78|0x0000000084e00000, 0x0000000084f00000, 0x0000000084f00000|100%| O|  |TAMS 0x0000000084f00000, 0x0000000084f00000| Untracked 
|  79|0x0000000084f00000, 0x0000000084f00000, 0x0000000085000000|  0%| F|  |TAMS 0x0000000084f00000, 0x0000000084f00000| Untracked 
|  80|0x0000000085000000, 0x0000000085000000, 0x0000000085100000|  0%| F|  |TAMS 0x0000000085000000, 0x0000000085000000| Untracked 
|  81|0x0000000085100000, 0x0000000085100000, 0x0000000085200000|  0%| F|  |TAMS 0x0000000085100000, 0x0000000085100000| Untracked 
|  82|0x0000000085200000, 0x0000000085200000, 0x0000000085300000|  0%| F|  |TAMS 0x0000000085200000, 0x0000000085200000| Untracked 
|  83|0x0000000085300000, 0x0000000085300000, 0x0000000085400000|  0%| F|  |TAMS 0x0000000085300000, 0x0000000085300000| Untracked 
|  84|0x0000000085400000, 0x0000000085400000, 0x0000000085500000|  0%| F|  |TAMS 0x0000000085400000, 0x0000000085400000| Untracked 
|  85|0x0000000085500000, 0x0000000085500000, 0x0000000085600000|  0%| F|  |TAMS 0x0000000085500000, 0x0000000085500000| Untracked 
|  86|0x0000000085600000, 0x0000000085600000, 0x0000000085700000|  0%| F|  |TAMS 0x0000000085600000, 0x0000000085600000| Untracked 
|  87|0x0000000085700000, 0x0000000085700000, 0x0000000085800000|  0%| F|  |TAMS 0x0000000085700000, 0x0000000085700000| Untracked 
|  88|0x0000000085800000, 0x0000000085800000, 0x0000000085900000|  0%| F|  |TAMS 0x0000000085800000, 0x0000000085800000| Untracked 
|  89|0x0000000085900000, 0x0000000085900000, 0x0000000085a00000|  0%| F|  |TAMS 0x0000000085900000, 0x0000000085900000| Untracked 
|  90|0x0000000085a00000, 0x0000000085a00000, 0x0000000085b00000|  0%| F|  |TAMS 0x0000000085a00000, 0x0000000085a00000| Untracked 
|  91|0x0000000085b00000, 0x0000000085b00000, 0x0000000085c00000|  0%| F|  |TAMS 0x0000000085b00000, 0x0000000085b00000| Untracked 
|  92|0x0000000085c00000, 0x0000000085c00000, 0x0000000085d00000|  0%| F|  |TAMS 0x0000000085c00000, 0x0000000085c00000| Untracked 
|  93|0x0000000085d00000, 0x0000000085d00000, 0x0000000085e00000|  0%| F|  |TAMS 0x0000000085d00000, 0x0000000085d00000| Untracked 
|  94|0x0000000085e00000, 0x0000000085e00000, 0x0000000085f00000|  0%| F|  |TAMS 0x0000000085e00000, 0x0000000085e00000| Untracked 
|  95|0x0000000085f00000, 0x0000000085f00000, 0x0000000086000000|  0%| F|  |TAMS 0x0000000085f00000, 0x0000000085f00000| Untracked 
|  96|0x0000000086000000, 0x0000000086000000, 0x0000000086100000|  0%| F|  |TAMS 0x0000000086000000, 0x0000000086000000| Untracked 
|  97|0x0000000086100000, 0x0000000086100000, 0x0000000086200000|  0%| F|  |TAMS 0x0000000086100000, 0x0000000086100000| Untracked 
|  98|0x0000000086200000, 0x0000000086200000, 0x0000000086300000|  0%| F|  |TAMS 0x0000000086200000, 0x0000000086200000| Untracked 
|  99|0x0000000086300000, 0x0000000086300000, 0x0000000086400000|  0%| F|  |TAMS 0x0000000086300000, 0x0000000086300000| Untracked 
| 100|0x0000000086400000, 0x0000000086400000, 0x0000000086500000|  0%| F|  |TAMS 0x0000000086400000, 0x0000000086400000| Untracked 
| 101|0x0000000086500000, 0x0000000086500000, 0x0000000086600000|  0%| F|  |TAMS 0x0000000086500000, 0x0000000086500000| Untracked 
| 102|0x0000000086600000, 0x0000000086600000, 0x0000000086700000|  0%| F|  |TAMS 0x0000000086600000, 0x0000000086600000| Untracked 
| 103|0x0000000086700000, 0x0000000086700000, 0x0000000086800000|  0%| F|  |TAMS 0x0000000086700000, 0x0000000086700000| Untracked 
| 104|0x0000000086800000, 0x0000000086800000, 0x0000000086900000|  0%| F|  |TAMS 0x0000000086800000, 0x0000000086800000| Untracked 
| 105|0x0000000086900000, 0x0000000086900000, 0x0000000086a00000|  0%| F|  |TAMS 0x0000000086900000, 0x0000000086900000| Untracked 
| 106|0x0000000086a00000, 0x0000000086a00000, 0x0000000086b00000|  0%| F|  |TAMS 0x0000000086a00000, 0x0000000086a00000| Untracked 
| 107|0x0000000086b00000, 0x0000000086b00000, 0x0000000086c00000|  0%| F|  |TAMS 0x0000000086b00000, 0x0000000086b00000| Untracked 
| 108|0x0000000086c00000, 0x0000000086c00000, 0x0000000086d00000|  0%| F|  |TAMS 0x0000000086c00000, 0x0000000086c00000| Untracked 
| 109|0x0000000086d00000, 0x0000000086d00000, 0x0000000086e00000|  0%| F|  |TAMS 0x0000000086d00000, 0x0000000086d00000| Untracked 
| 110|0x0000000086e00000, 0x0000000086e00000, 0x0000000086f00000|  0%| F|  |TAMS 0x0000000086e00000, 0x0000000086e00000| Untracked 
| 111|0x0000000086f00000, 0x0000000086f00000, 0x0000000087000000|  0%| F|  |TAMS 0x0000000086f00000, 0x0000000086f00000| Untracked 
| 112|0x0000000087000000, 0x0000000087000000, 0x0000000087100000|  0%| F|  |TAMS 0x0000000087000000, 0x0000000087000000| Untracked 
| 113|0x0000000087100000, 0x0000000087100000, 0x0000000087200000|  0%| F|  |TAMS 0x0000000087100000, 0x0000000087100000| Untracked 
| 114|0x0000000087200000, 0x0000000087200000, 0x0000000087300000|  0%| F|  |TAMS 0x0000000087200000, 0x0000000087200000| Untracked 
| 115|0x0000000087300000, 0x0000000087300000, 0x0000000087400000|  0%| F|  |TAMS 0x0000000087300000, 0x0000000087300000| Untracked 
| 116|0x0000000087400000, 0x0000000087400000, 0x0000000087500000|  0%| F|  |TAMS 0x0000000087400000, 0x0000000087400000| Untracked 
| 117|0x0000000087500000, 0x0000000087500000, 0x0000000087600000|  0%| F|  |TAMS 0x0000000087500000, 0x0000000087500000| Untracked 
| 118|0x0000000087600000, 0x0000000087600000, 0x0000000087700000|  0%| F|  |TAMS 0x0000000087600000, 0x0000000087600000| Untracked 
| 119|0x0000000087700000, 0x0000000087700000, 0x0000000087800000|  0%| F|  |TAMS 0x0000000087700000, 0x0000000087700000| Untracked 
| 120|0x0000000087800000, 0x0000000087800000, 0x0000000087900000|  0%| F|  |TAMS 0x0000000087800000, 0x0000000087800000| Untracked 
| 121|0x0000000087900000, 0x0000000087900000, 0x0000000087a00000|  0%| F|  |TAMS 0x0000000087900000, 0x0000000087900000| Untracked 
| 122|0x0000000087a00000, 0x0000000087a00000, 0x0000000087b00000|  0%| F|  |TAMS 0x0000000087a00000, 0x0000000087a00000| Untracked 
| 123|0x0000000087b00000, 0x0000000087b00000, 0x0000000087c00000|  0%| F|  |TAMS 0x0000000087b00000, 0x0000000087b00000| Untracked 
| 124|0x0000000087c00000, 0x0000000087cc4498, 0x0000000087d00000| 76%| S|CS|TAMS 0x0000000087c00000, 0x0000000087c00000| Complete 
| 125|0x0000000087d00000, 0x0000000087e00000, 0x0000000087e00000|100%| S|CS|TAMS 0x0000000087d00000, 0x0000000087d00000| Complete 
| 126|0x0000000087e00000, 0x0000000087f00000, 0x0000000087f00000|100%| S|CS|TAMS 0x0000000087e00000, 0x0000000087e00000| Complete 
| 127|0x0000000087f00000, 0x0000000087f00000, 0x0000000088000000|  0%| F|  |TAMS 0x0000000087f00000, 0x0000000087f00000| Untracked 
| 128|0x0000000088000000, 0x0000000088000000, 0x0000000088100000|  0%| F|  |TAMS 0x0000000088000000, 0x0000000088000000| Untracked 
| 129|0x0000000088100000, 0x0000000088100000, 0x0000000088200000|  0%| F|  |TAMS 0x0000000088100000, 0x0000000088100000| Untracked 
| 130|0x0000000088200000, 0x0000000088200000, 0x0000000088300000|  0%| F|  |TAMS 0x0000000088200000, 0x0000000088200000| Untracked 
| 131|0x0000000088300000, 0x0000000088300000, 0x0000000088400000|  0%| F|  |TAMS 0x0000000088300000, 0x0000000088300000| Untracked 
| 132|0x0000000088400000, 0x0000000088400000, 0x0000000088500000|  0%| F|  |TAMS 0x0000000088400000, 0x0000000088400000| Untracked 
| 133|0x0000000088500000, 0x0000000088500000, 0x0000000088600000|  0%| F|  |TAMS 0x0000000088500000, 0x0000000088500000| Untracked 
| 134|0x0000000088600000, 0x0000000088600000, 0x0000000088700000|  0%| F|  |TAMS 0x0000000088600000, 0x0000000088600000| Untracked 
| 135|0x0000000088700000, 0x0000000088700000, 0x0000000088800000|  0%| F|  |TAMS 0x0000000088700000, 0x0000000088700000| Untracked 
| 136|0x0000000088800000, 0x0000000088800000, 0x0000000088900000|  0%| F|  |TAMS 0x0000000088800000, 0x0000000088800000| Untracked 
| 137|0x0000000088900000, 0x0000000088900000, 0x0000000088a00000|  0%| F|  |TAMS 0x0000000088900000, 0x0000000088900000| Untracked 
| 138|0x0000000088a00000, 0x0000000088a00000, 0x0000000088b00000|  0%| F|  |TAMS 0x0000000088a00000, 0x0000000088a00000| Untracked 
| 139|0x0000000088b00000, 0x0000000088b00000, 0x0000000088c00000|  0%| F|  |TAMS 0x0000000088b00000, 0x0000000088b00000| Untracked 
| 140|0x0000000088c00000, 0x0000000088c00000, 0x0000000088d00000|  0%| F|  |TAMS 0x0000000088c00000, 0x0000000088c00000| Untracked 
| 141|0x0000000088d00000, 0x0000000088d00000, 0x0000000088e00000|  0%| F|  |TAMS 0x0000000088d00000, 0x0000000088d00000| Untracked 
| 142|0x0000000088e00000, 0x0000000088e00000, 0x0000000088f00000|  0%| F|  |TAMS 0x0000000088e00000, 0x0000000088e00000| Untracked 
| 143|0x0000000088f00000, 0x0000000088f00000, 0x0000000089000000|  0%| F|  |TAMS 0x0000000088f00000, 0x0000000088f00000| Untracked 

Card table byte_map: [0x000002223df70000,0x000002223e370000] _byte_map_base: 0x000002223db70000

Marking Bits (Prev, Next): (CMBitMap*) 0x000002222a3f9f58, (CMBitMap*) 0x000002222a3f9f90
 Prev Bits: [0x000002223e770000, 0x0000022240770000)
 Next Bits: [0x0000022240770000, 0x0000022242770000)

Polling page: 0x0000022228980000

Metaspace:

Usage:
  Non-class:     74.37 MB capacity,    72.96 MB ( 98%) used,     1.19 MB (  2%) free+waste,   220.31 KB ( <1%) overhead. 
      Class:     11.07 MB capacity,    10.36 MB ( 94%) used,   627.45 KB (  6%) free+waste,    98.75 KB ( <1%) overhead. 
       Both:     85.44 MB capacity,    83.33 MB ( 98%) used,     1.80 MB (  2%) free+waste,   319.06 KB ( <1%) overhead. 

Virtual space:
  Non-class space:       76.00 MB reserved,      74.42 MB ( 98%) committed 
      Class space:        1.00 GB reserved,      11.13 MB (  1%) committed 
             Both:        1.07 GB reserved,      85.54 MB (  8%) committed 

Chunk freelists:
   Non-Class:  52.00 KB
       Class:  22.00 KB
        Both:  74.00 KB

MaxMetaspaceSize: 17179869184.00 GB
CompressedClassSpaceSize: 1.00 GB
Initial GC threshold: 20.80 MB
Current GC threshold: 141.74 MB
CDS: off

CodeHeap 'non-profiled nmethods': size=120000Kb used=5113Kb max_used=5113Kb free=114886Kb
 bounds [0x00000222359b0000, 0x0000022235eb0000, 0x000002223cee0000]
CodeHeap 'profiled nmethods': size=120000Kb used=23612Kb max_used=23612Kb free=96387Kb
 bounds [0x000002222e480000, 0x000002222fb90000, 0x00000222359b0000]
CodeHeap 'non-nmethods': size=5760Kb used=2347Kb max_used=2392Kb free=3412Kb
 bounds [0x000002222dee0000, 0x000002222e150000, 0x000002222e480000]
 total_blobs=11798 nmethods=10934 adapters=776
 compilation: enabled
              stopped_count=0, restarted_count=0
 full_count=0

Compilation events (20 events):
Event: 29.422 Thread 0x0000022245403000 nmethod 10227 0x0000022235eab110 code [0x0000022235eab2a0, 0x0000022235eab4d8]
Event: 29.422 Thread 0x0000022245403000 10929       4       com.google.common.io.CountingOutputStream::write (22 bytes)
Event: 29.429 Thread 0x0000022245403000 nmethod 10929 0x0000022235eab690 code [0x0000022235eab8c0, 0x0000022235eac250]
Event: 29.429 Thread 0x0000022245403000 11160       4       com.esotericsoftware.kryo.io.Output::writeString (125 bytes)
Event: 29.429 Thread 0x0000022245408800 11161       2       java.security.MessageDigest::update (11 bytes)
Event: 29.429 Thread 0x0000022245408800 nmethod 11161 0x000002222fb8ec10 code [0x000002222fb8edc0, 0x000002222fb8eee8]
Event: 29.429 Thread 0x0000022245408800 11162       2       java.security.MessageDigest$Delegate::engineUpdate (9 bytes)
Event: 29.429 Thread 0x0000022245408800 nmethod 11162 0x000002222fb8ef90 code [0x000002222fb8f140, 0x000002222fb8f268]
Event: 29.438 Thread 0x0000022245403000 nmethod 11160 0x0000022235eac810 code [0x0000022235eac9e0, 0x0000022235ead088]
Event: 29.438 Thread 0x0000022245403000 11155       4       jdk.internal.misc.Unsafe::checkNativeAddress (28 bytes)
Event: 29.439 Thread 0x0000022245403000 nmethod 11155 0x0000022235ead390 code [0x0000022235ead520, 0x0000022235ead578]
Event: 29.439 Thread 0x0000022245403000 11158   !   4       sun.nio.ch.NativeThreadSet::remove (50 bytes)
Event: 29.441 Thread 0x0000022245403000 nmethod 11158 0x0000022235ead690 code [0x0000022235ead820, 0x0000022235eadab8]
Event: 29.441 Thread 0x0000022245403000 11159       4       java.nio.HeapByteBuffer::getInt (25 bytes)
Event: 29.442 Thread 0x0000022245403000 nmethod 11159 0x0000022235eadc10 code [0x0000022235eadda0, 0x0000022235eade78]
Event: 29.442 Thread 0x0000022245403000 11167       4       com.esotericsoftware.kryo.io.Output::writeString (125 bytes)
Event: 29.444 Thread 0x0000022245408800 11170       1       java.security.DrbgParameters$NextBytes::getStrength (5 bytes)
Event: 29.444 Thread 0x0000022245408800 nmethod 11170 0x0000022235eadf90 code [0x0000022235eae140, 0x0000022235eae1f8]
Event: 29.444 Thread 0x0000022245408800 11171       1       java.security.DrbgParameters$NextBytes::getPredictionResistance (5 bytes)
Event: 29.444 Thread 0x0000022245408800 nmethod 11171 0x0000022235eae290 code [0x0000022235eae440, 0x0000022235eae4f8]

GC Heap History (20 events):
Event: 27.712 GC heap after
{Heap after GC invocations=33 (full 0):
 garbage-first heap   total 122880K, used 80937K [0x0000000080000000, 0x0000000100000000)
  region size 1024K, 1 young (1024K), 1 survivors (1024K)
 Metaspace       used 80635K, capacity 82665K, committed 82988K, reserved 1122304K
  class space    used 10057K, capacity 10737K, committed 10880K, reserved 1048576K
}
Event: 27.813 GC heap before
{Heap before GC invocations=33 (full 0):
 garbage-first heap   total 122880K, used 85033K [0x0000000080000000, 0x0000000100000000)
  region size 1024K, 6 young (6144K), 1 survivors (1024K)
 Metaspace       used 81072K, capacity 83114K, committed 83628K, reserved 1122304K
  class space    used 10117K, capacity 10801K, committed 11008K, reserved 1048576K
}
Event: 27.815 GC heap after
{Heap after GC invocations=34 (full 0):
 garbage-first heap   total 122880K, used 68956K [0x0000000080000000, 0x0000000100000000)
  region size 1024K, 1 young (1024K), 1 survivors (1024K)
 Metaspace       used 81072K, capacity 83114K, committed 83628K, reserved 1122304K
  class space    used 10117K, capacity 10801K, committed 11008K, reserved 1048576K
}
Event: 27.881 GC heap before
{Heap before GC invocations=34 (full 0):
 garbage-first heap   total 122880K, used 74076K [0x0000000080000000, 0x0000000100000000)
  region size 1024K, 6 young (6144K), 1 survivors (1024K)
 Metaspace       used 81600K, capacity 83626K, committed 84140K, reserved 1122304K
  class space    used 10190K, capacity 10865K, committed 11008K, reserved 1048576K
}
Event: 27.884 GC heap after
{Heap after GC invocations=35 (full 0):
 garbage-first heap   total 122880K, used 65180K [0x0000000080000000, 0x0000000100000000)
  region size 1024K, 1 young (1024K), 1 survivors (1024K)
 Metaspace       used 81600K, capacity 83626K, committed 84140K, reserved 1122304K
  class space    used 10190K, capacity 10865K, committed 11008K, reserved 1048576K
}
Event: 28.180 GC heap before
{Heap before GC invocations=35 (full 0):
 garbage-first heap   total 122880K, used 86684K [0x0000000080000000, 0x0000000100000000)
  region size 1024K, 22 young (22528K), 1 survivors (1024K)
 Metaspace       used 83212K, capacity 85205K, committed 85548K, reserved 1124352K
  class space    used 10368K, capacity 11027K, committed 11136K, reserved 1048576K
}
Event: 28.184 GC heap after
{Heap after GC invocations=36 (full 0):
 garbage-first heap   total 122880K, used 67184K [0x0000000080000000, 0x0000000100000000)
  region size 1024K, 3 young (3072K), 3 survivors (3072K)
 Metaspace       used 83212K, capacity 85205K, committed 85548K, reserved 1124352K
  class space    used 10368K, capacity 11027K, committed 11136K, reserved 1048576K
}
Event: 28.411 GC heap before
{Heap before GC invocations=37 (full 0):
 garbage-first heap   total 122880K, used 88688K [0x0000000080000000, 0x0000000100000000)
  region size 1024K, 25 young (25600K), 3 survivors (3072K)
 Metaspace       used 83810K, capacity 85880K, committed 86188K, reserved 1124352K
  class space    used 10436K, capacity 11126K, committed 11264K, reserved 1048576K
}
Event: 28.422 GC heap after
{Heap after GC invocations=38 (full 0):
 garbage-first heap   total 122880K, used 68583K [0x0000000080000000, 0x0000000100000000)
  region size 1024K, 4 young (4096K), 4 survivors (4096K)
 Metaspace       used 83810K, capacity 85880K, committed 86188K, reserved 1124352K
  class space    used 10436K, capacity 11126K, committed 11264K, reserved 1048576K
}
Event: 28.431 GC heap before
{Heap before GC invocations=38 (full 0):
 garbage-first heap   total 122880K, used 70631K [0x0000000080000000, 0x0000000100000000)
  region size 1024K, 6 young (6144K), 4 survivors (4096K)
 Metaspace       used 83850K, capacity 85885K, committed 86188K, reserved 1124352K
  class space    used 10444K, capacity 11128K, committed 11264K, reserved 1048576K
}
Event: 28.434 GC heap after
{Heap after GC invocations=39 (full 0):
 garbage-first heap   total 122880K, used 67042K [0x0000000080000000, 0x0000000100000000)
  region size 1024K, 1 young (1024K), 1 survivors (1024K)
 Metaspace       used 83850K, capacity 85885K, committed 86188K, reserved 1124352K
  class space    used 10444K, capacity 11128K, committed 11264K, reserved 1048576K
}
Event: 28.619 GC heap before
{Heap before GC invocations=39 (full 0):
 garbage-first heap   total 122880K, used 90594K [0x0000000080000000, 0x0000000100000000)
  region size 1024K, 25 young (25600K), 1 survivors (1024K)
 Metaspace       used 84627K, capacity 86729K, committed 87084K, reserved 1124352K
  class space    used 10538K, capacity 11238K, committed 11392K, reserved 1048576K
}
Event: 28.623 GC heap after
{Heap after GC invocations=40 (full 0):
 garbage-first heap   total 147456K, used 68528K [0x0000000080000000, 0x0000000100000000)
  region size 1024K, 2 young (2048K), 2 survivors (2048K)
 Metaspace       used 84627K, capacity 86729K, committed 87084K, reserved 1124352K
  class space    used 10538K, capacity 11238K, committed 11392K, reserved 1048576K
}
Event: 28.864 GC heap before
{Heap before GC invocations=41 (full 0):
 garbage-first heap   total 147456K, used 103344K [0x0000000080000000, 0x0000000100000000)
  region size 1024K, 37 young (37888K), 2 survivors (2048K)
 Metaspace       used 84842K, capacity 86932K, committed 87084K, reserved 1124352K
  class space    used 10546K, capacity 11242K, committed 11392K, reserved 1048576K
}
Event: 28.867 GC heap after
{Heap after GC invocations=42 (full 0):
 garbage-first heap   total 147456K, used 69194K [0x0000000080000000, 0x0000000100000000)
  region size 1024K, 3 young (3072K), 3 survivors (3072K)
 Metaspace       used 84842K, capacity 86932K, committed 87084K, reserved 1124352K
  class space    used 10546K, capacity 11242K, committed 11392K, reserved 1048576K
}
Event: 29.049 GC heap before
{Heap before GC invocations=42 (full 0):
 garbage-first heap   total 147456K, used 106058K [0x0000000080000000, 0x0000000100000000)
  region size 1024K, 40 young (40960K), 3 survivors (3072K)
 Metaspace       used 84868K, capacity 86932K, committed 87084K, reserved 1124352K
  class space    used 10547K, capacity 11242K, committed 11392K, reserved 1048576K
}
Event: 29.052 GC heap after
{Heap after GC invocations=43 (full 0):
 garbage-first heap   total 147456K, used 69946K [0x0000000080000000, 0x0000000100000000)
  region size 1024K, 4 young (4096K), 4 survivors (4096K)
 Metaspace       used 84868K, capacity 86932K, committed 87084K, reserved 1124352K
  class space    used 10547K, capacity 11242K, committed 11392K, reserved 1048576K
}
Event: 29.269 GC heap before
{Heap before GC invocations=44 (full 0):
 garbage-first heap   total 147456K, used 107834K [0x0000000080000000, 0x0000000100000000)
  region size 1024K, 42 young (43008K), 4 survivors (4096K)
 Metaspace       used 85282K, capacity 87414K, committed 87596K, reserved 1126400K
  class space    used 10606K, capacity 11333K, committed 11392K, reserved 1048576K
}
Event: 29.273 GC heap after
{Heap after GC invocations=45 (full 0):
 garbage-first heap   total 147456K, used 70710K [0x0000000080000000, 0x0000000100000000)
  region size 1024K, 4 young (4096K), 4 survivors (4096K)
 Metaspace       used 85282K, capacity 87414K, committed 87596K, reserved 1126400K
  class space    used 10606K, capacity 11333K, committed 11392K, reserved 1048576K
}
Event: 29.447 GC heap before
{Heap before GC invocations=45 (full 0):
 garbage-first heap   total 147456K, used 86070K [0x0000000080000000, 0x0000000100000000)
  region size 1024K, 21 young (21504K), 4 survivors (4096K)
 Metaspace       used 85326K, capacity 87490K, committed 87596K, reserved 1126400K
  class space    used 10611K, capacity 11338K, committed 11392K, reserved 1048576K
}

Deoptimization events (20 events):
Event: 29.380 Thread 0x000002224c02d800 DEOPT PACKING pc=0x000002222f24fd67 sp=0x000000e0c78fc370
Event: 29.380 Thread 0x000002224c02d800 DEOPT UNPACKING pc=0x000002222df2a95e sp=0x000000e0c78fb8b8 mode 0
Event: 29.426 Thread 0x000002224a615800 DEOPT PACKING pc=0x000002222f977cc6 sp=0x000000e0bfdfe300
Event: 29.426 Thread 0x000002224a615800 DEOPT UNPACKING pc=0x000002222df2a95e sp=0x000000e0bfdfd7a0 mode 0
Event: 29.439 Thread 0x000002224a615800 Uncommon trap: trap_request=0xffffffbe fr.pc=0x0000022235eacf94 relative=0x00000000000005b4
Event: 29.439 Thread 0x000002224a615800 Uncommon trap: reason=profile_predicate action=maybe_recompile pc=0x0000022235eacf94 method=com.esotericsoftware.kryo.io.Output.writeString(Ljava/lang/CharSequence;)V @ 67 c2
Event: 29.439 Thread 0x000002224a615800 DEOPT PACKING pc=0x0000022235eacf94 sp=0x000000e0bfdfe320
Event: 29.439 Thread 0x000002224a615800 DEOPT UNPACKING pc=0x000002222df2a1af sp=0x000000e0bfdfe2a0 mode 2
Event: 29.439 Thread 0x000002224a615800 Uncommon trap: trap_request=0xffffffbe fr.pc=0x0000022235eacf94 relative=0x00000000000005b4
Event: 29.439 Thread 0x000002224a615800 Uncommon trap: reason=profile_predicate action=maybe_recompile pc=0x0000022235eacf94 method=com.esotericsoftware.kryo.io.Output.writeString(Ljava/lang/CharSequence;)V @ 67 c2
Event: 29.439 Thread 0x000002224a615800 DEOPT PACKING pc=0x0000022235eacf94 sp=0x000000e0bfdfe3e0
Event: 29.439 Thread 0x000002224a615800 DEOPT UNPACKING pc=0x000002222df2a1af sp=0x000000e0bfdfe360 mode 2
Event: 29.439 Thread 0x000002224a615800 Uncommon trap: trap_request=0xffffffbe fr.pc=0x0000022235eacf94 relative=0x00000000000005b4
Event: 29.439 Thread 0x000002224a615800 Uncommon trap: reason=profile_predicate action=maybe_recompile pc=0x0000022235eacf94 method=com.esotericsoftware.kryo.io.Output.writeString(Ljava/lang/CharSequence;)V @ 67 c2
Event: 29.439 Thread 0x000002224a615800 DEOPT PACKING pc=0x0000022235eacf94 sp=0x000000e0bfdfe320
Event: 29.439 Thread 0x000002224a615800 DEOPT UNPACKING pc=0x000002222df2a1af sp=0x000000e0bfdfe2a0 mode 2
Event: 29.440 Thread 0x000002224a615800 Uncommon trap: trap_request=0xffffffbe fr.pc=0x0000022235eacf94 relative=0x00000000000005b4
Event: 29.440 Thread 0x000002224a615800 Uncommon trap: reason=profile_predicate action=maybe_recompile pc=0x0000022235eacf94 method=com.esotericsoftware.kryo.io.Output.writeString(Ljava/lang/CharSequence;)V @ 67 c2
Event: 29.440 Thread 0x000002224a615800 DEOPT PACKING pc=0x0000022235eacf94 sp=0x000000e0bfdfe3e0
Event: 29.440 Thread 0x000002224a615800 DEOPT UNPACKING pc=0x000002222df2a1af sp=0x000000e0bfdfe360 mode 2

Classes redefined (0 events):
No events

Internal exceptions (20 events):
Event: 27.187 Thread 0x000002224c02e800 Exception <a 'java/lang/NoSuchMethodError'{0x0000000087551618}: 'java.lang.Object java.lang.invoke.DirectMethodHandle$Holder.invokeStaticInit(java.lang.Object, java.lang.Object, long, java.lang.Object)'> (0x0000000087551618) thrown at [./src/hotspot/share/interpreter/linkResolver.cpp, line 773]
Event: 27.188 Thread 0x000002224c02e800 Exception <a 'java/lang/NoSuchMethodError'{0x00000000875601c8}: 'java.lang.Object java.lang.invoke.DirectMethodHandle$Holder.invokeStatic(java.lang.Object, java.lang.Object, long)'> (0x00000000875601c8) thrown at [./src/hotspot/share/interpreter/linkResolver.cpp, line 773]
Event: 27.188 Thread 0x000002224c02e800 Exception <a 'java/lang/NoSuchMethodError'{0x00000000875699d8}: 'java.lang.Object java.lang.invoke.Invokers$Holder.linkToTargetMethod(java.lang.Object, long, java.lang.Object)'> (0x00000000875699d8) thrown at [./src/hotspot/share/interpreter/linkResolver.cpp, line 773]
Event: 27.314 Thread 0x000002224c02d000 Exception <a 'sun/nio/fs/WindowsException'{0x0000000086ef3d60}> (0x0000000086ef3d60) thrown at [./src/hotspot/share/prims/jni.cpp, line 616]
Event: 27.314 Thread 0x000002224c02d000 Exception <a 'sun/nio/fs/WindowsException'{0x0000000086ef4e18}> (0x0000000086ef4e18) thrown at [./src/hotspot/share/prims/jni.cpp, line 616]
Event: 27.314 Thread 0x000002224c02d000 Exception <a 'sun/nio/fs/WindowsException'{0x0000000086ef5140}> (0x0000000086ef5140) thrown at [./src/hotspot/share/prims/jni.cpp, line 616]
Event: 27.315 Thread 0x000002224c02d000 Exception <a 'sun/nio/fs/WindowsException'{0x0000000086ef61f8}> (0x0000000086ef61f8) thrown at [./src/hotspot/share/prims/jni.cpp, line 616]
Event: 27.315 Thread 0x000002224c02d000 Exception <a 'sun/nio/fs/WindowsException'{0x0000000086ef64e0}> (0x0000000086ef64e0) thrown at [./src/hotspot/share/prims/jni.cpp, line 616]
Event: 27.315 Thread 0x000002224c02d000 Exception <a 'sun/nio/fs/WindowsException'{0x0000000086ef7330}> (0x0000000086ef7330) thrown at [./src/hotspot/share/prims/jni.cpp, line 616]
Event: 28.251 Thread 0x0000022247671000 Exception <a 'java/lang/NoSuchMethodError'{0x0000000087214028}: 'void java.lang.invoke.DirectMethodHandle$Holder.invokeStatic(java.lang.Object, java.lang.Object, java.lang.Object, java.lang.Object, int, java.lang.Object)'> (0x0000000087214028) thrown at [./src/hotspot/share/interpreter/linkResolver.cpp, line 773]
Event: 28.346 Thread 0x0000022247671000 Exception <a 'sun/nio/fs/WindowsException'{0x0000000086ad2e88}> (0x0000000086ad2e88) thrown at [./src/hotspot/share/prims/jni.cpp, line 616]
Event: 28.346 Thread 0x0000022247671000 Exception <a 'sun/nio/fs/WindowsException'{0x0000000086ad3db8}> (0x0000000086ad3db8) thrown at [./src/hotspot/share/prims/jni.cpp, line 616]
Event: 28.351 Thread 0x0000022247671000 Exception <a 'sun/nio/fs/WindowsException'{0x0000000086aeac70}> (0x0000000086aeac70) thrown at [./src/hotspot/share/prims/jni.cpp, line 616]
Event: 28.351 Thread 0x0000022247671000 Exception <a 'sun/nio/fs/WindowsException'{0x0000000086aeb850}> (0x0000000086aeb850) thrown at [./src/hotspot/share/prims/jni.cpp, line 616]
Event: 28.357 Thread 0x0000022247671000 Exception <a 'java/lang/NoSuchMethodError'{0x0000000086943d60}: <clinit>> (0x0000000086943d60) thrown at [./src/hotspot/share/prims/jni.cpp, line 1366]
Event: 28.358 Thread 0x0000022247671000 Exception <a 'java/lang/NoSuchMethodError'{0x000000008695c118}: <clinit>> (0x000000008695c118) thrown at [./src/hotspot/share/prims/jni.cpp, line 1366]
Event: 28.364 Thread 0x000002224c02e800 Exception <a 'sun/nio/fs/WindowsException'{0x00000000869f6d90}> (0x00000000869f6d90) thrown at [./src/hotspot/share/prims/jni.cpp, line 616]
Event: 29.159 Thread 0x000002224c02e800 Exception <a 'java/lang/NoSuchMethodError'{0x0000000087faa4d0}: 'java.lang.Object java.lang.invoke.DirectMethodHandle$Holder.invokeVirtual(java.lang.Object, java.lang.Object, int)'> (0x0000000087faa4d0) thrown at [./src/hotspot/share/interpreter/linkResolver.cpp, line 773]
Event: 29.162 Thread 0x000002224c02e800 Exception <a 'java/lang/NoSuchMethodError'{0x0000000087e0c708}: 'void java.lang.invoke.DirectMethodHandle$Holder.invokeStatic(java.lang.Object, java.lang.Object, java.lang.Object, int)'> (0x0000000087e0c708) thrown at [./src/hotspot/share/interpreter/linkResolver.cpp, line 773]
Event: 29.248 Thread 0x000002224766d800 Exception <a 'java/lang/NoSuchMethodError'{0x0000000087ab1b58}: 'int java.lang.invoke.DirectMethodHandle$Holder.invokeSpecial(java.lang.Object, java.lang.Object, java.lang.Object, java.lang.Object, java.lang.Object)'> (0x0000000087ab1b58) thrown at [./src/hotspot/share/interpreter/linkResolver.cpp, line 773]

Events (20 events):
Event: 29.284 loading class com/android/build/gradle/internal/tasks/MergeJavaResourcesDelegate$run$2$renamedInput$2 done
Event: 29.287 loading class com/android/tools/build/apkzlib/zip/ZFile
Event: 29.287 loading class com/android/tools/build/apkzlib/zip/ZFile done
Event: 29.288 loading class com/android/tools/build/apkzlib/utils/CachedFileContents
Event: 29.288 loading class com/android/tools/build/apkzlib/utils/CachedFileContents done
Event: 29.290 loading class com/android/builder/merge/MergeOutputWriters$1
Event: 29.290 loading class com/android/builder/merge/MergeOutputWriters$1 done
Event: 29.297 loading class com/android/tools/build/apkzlib/zip/ZFileExtension
Event: 29.297 loading class com/android/tools/build/apkzlib/zip/ZFileExtension done
Event: 29.297 loading class com/android/tools/build/apkzlib/utils/IOExceptionFunction
Event: 29.297 loading class com/android/tools/build/apkzlib/utils/IOExceptionFunction done
Event: 29.332 Executing VM operation: RevokeBias
Event: 29.332 Executing VM operation: RevokeBias done
Event: 29.446 loading class com/android/tools/build/apkzlib/utils/IOExceptionRunnable
Event: 29.446 loading class com/android/tools/build/apkzlib/utils/IOExceptionRunnable done
Event: 29.446 loading class com/android/tools/build/apkzlib/utils/IOExceptionFunction
Event: 29.446 loading class com/android/tools/build/apkzlib/utils/IOExceptionFunction done
Event: 29.446 loading class com/android/tools/build/apkzlib/utils/IOExceptionFunction
Event: 29.446 loading class com/android/tools/build/apkzlib/utils/IOExceptionFunction done
Event: 29.447 Executing VM operation: G1CollectForAllocation


Dynamic libraries:
0x00007ff623600000 - 0x00007ff62360a000 	C:\Program Files\Android\Android Studio\jre\bin\java.exe
0x00007ffb1c970000 - 0x00007ffb1cb68000 	C:\Windows\SYSTEM32\ntdll.dll
0x00007ffb1b8b0000 - 0x00007ffb1b96f000 	C:\Windows\System32\KERNEL32.DLL
0x00007ffb1a190000 - 0x00007ffb1a462000 	C:\Windows\System32\KERNELBASE.dll
0x00007ffb1a090000 - 0x00007ffb1a190000 	C:\Windows\System32\ucrtbase.dll
0x00007ffb14f20000 - 0x00007ffb14f39000 	C:\Program Files\Android\Android Studio\jre\bin\jli.dll
0x00007ffb15950000 - 0x00007ffb15967000 	C:\Program Files\Android\Android Studio\jre\bin\VCRUNTIME140.dll
0x00007ffb1ab10000 - 0x00007ffb1acb1000 	C:\Windows\System32\USER32.dll
0x00007ffb1a470000 - 0x00007ffb1a492000 	C:\Windows\System32\win32u.dll
0x00007ffb09420000 - 0x00007ffb096ba000 	C:\Windows\WinSxS\amd64_microsoft.windows.common-controls_6595b64144ccf1df_6.0.19041.1110_none_60b5254171f9507e\COMCTL32.dll
0x00007ffb1aa00000 - 0x00007ffb1aa9e000 	C:\Windows\System32\msvcrt.dll
0x00007ffb1b260000 - 0x00007ffb1b28b000 	C:\Windows\System32\GDI32.dll
0x00007ffb1a4a0000 - 0x00007ffb1a5af000 	C:\Windows\System32\gdi32full.dll
0x00007ffb1a910000 - 0x00007ffb1a9ad000 	C:\Windows\System32\msvcp_win.dll
0x00007ffb1a9c0000 - 0x00007ffb1a9f2000 	C:\Windows\System32\IMM32.DLL
0x00007ffaed920000 - 0x00007ffaed9bd000 	C:\Program Files\Android\Android Studio\jre\bin\msvcp140.dll
0x00007ffaca360000 - 0x00007ffacae62000 	C:\Program Files\Android\Android Studio\jre\bin\server\jvm.dll
0x00007ffb1c820000 - 0x00007ffb1c8ce000 	C:\Windows\System32\ADVAPI32.dll
0x00007ffb1c3c0000 - 0x00007ffb1c45c000 	C:\Windows\System32\sechost.dll
0x00007ffb1ae40000 - 0x00007ffb1af65000 	C:\Windows\System32\RPCRT4.dll
0x00007ffb1aaa0000 - 0x00007ffb1aaa8000 	C:\Windows\System32\PSAPI.DLL
0x00007ffb0f9f0000 - 0x00007ffb0fa17000 	C:\Windows\SYSTEM32\WINMM.dll
0x00007ffb158c0000 - 0x00007ffb158c9000 	C:\Windows\SYSTEM32\WSOCK32.dll
0x00007ffb0fa20000 - 0x00007ffb0fa2a000 	C:\Windows\SYSTEM32\VERSION.dll
0x00007ffb1b840000 - 0x00007ffb1b8ab000 	C:\Windows\System32\WS2_32.dll
0x00007ffb17f20000 - 0x00007ffb17f32000 	C:\Windows\SYSTEM32\kernel.appcore.dll
0x00007ffb15150000 - 0x00007ffb15161000 	C:\Program Files\Android\Android Studio\jre\bin\verify.dll
0x00007ffb12d10000 - 0x00007ffb12ef4000 	C:\Windows\SYSTEM32\DBGHELP.DLL
0x00007ffb01fb0000 - 0x00007ffb01fe5000 	C:\Windows\SYSTEM32\dbgcore.DLL
0x00007ffb1a6b0000 - 0x00007ffb1a732000 	C:\Windows\System32\bcryptPrimitives.dll
0x00007ffaf1c20000 - 0x00007ffaf1c49000 	C:\Program Files\Android\Android Studio\jre\bin\java.dll
0x00007ffb15140000 - 0x00007ffb1514b000 	C:\Program Files\Android\Android Studio\jre\bin\jimage.dll
0x00007ffae5170000 - 0x00007ffae5188000 	C:\Program Files\Android\Android Studio\jre\bin\zip.dll
0x00007ffb1bc50000 - 0x00007ffb1c394000 	C:\Windows\System32\SHELL32.dll
0x00007ffb18120000 - 0x00007ffb188b2000 	C:\Windows\SYSTEM32\windows.storage.dll
0x00007ffb1c4c0000 - 0x00007ffb1c815000 	C:\Windows\System32\combase.dll
0x00007ffb19ac0000 - 0x00007ffb19af0000 	C:\Windows\SYSTEM32\Wldp.dll
0x00007ffb1acc0000 - 0x00007ffb1ad6d000 	C:\Windows\System32\SHCORE.dll
0x00007ffb1af70000 - 0x00007ffb1afc5000 	C:\Windows\System32\shlwapi.dll
0x00007ffb19fa0000 - 0x00007ffb19fbf000 	C:\Windows\SYSTEM32\profapi.dll
0x00007ffada120000 - 0x00007ffada13a000 	C:\Program Files\Android\Android Studio\jre\bin\net.dll
0x00007ffb0b010000 - 0x00007ffb0b11c000 	C:\Windows\SYSTEM32\WINHTTP.dll
0x00007ffb19820000 - 0x00007ffb1988a000 	C:\Windows\system32\mswsock.dll
0x00007ffad6a70000 - 0x00007ffad6a84000 	C:\Program Files\Android\Android Studio\jre\bin\nio.dll
0x00007ffb11480000 - 0x00007ffb114a7000 	C:\Users\ASUS\.gradle\native\f6784746aeab05261644944871eae4fe03e0ef1612fff0a4a95f87b438bc6780\windows-amd64\native-platform.dll
0x00007ffb15130000 - 0x00007ffb1513a000 	C:\Program Files\Android\Android Studio\jre\bin\management.dll
0x00007ffafcfc0000 - 0x00007ffafcfcd000 	C:\Program Files\Android\Android Studio\jre\bin\management_ext.dll
0x00007ffb19a10000 - 0x00007ffb19a28000 	C:\Windows\SYSTEM32\CRYPTSP.dll
0x00007ffb190d0000 - 0x00007ffb19104000 	C:\Windows\system32\rsaenh.dll
0x00007ffb1a060000 - 0x00007ffb1a087000 	C:\Windows\System32\bcrypt.dll
0x00007ffb19f60000 - 0x00007ffb19f8e000 	C:\Windows\SYSTEM32\USERENV.dll
0x00007ffb19a30000 - 0x00007ffb19a3c000 	C:\Windows\SYSTEM32\CRYPTBASE.dll
0x00007ffb194c0000 - 0x00007ffb194fb000 	C:\Windows\SYSTEM32\IPHLPAPI.DLL
0x00007ffb1a9b0000 - 0x00007ffb1a9b8000 	C:\Windows\System32\NSI.dll
0x00007ffb0c470000 - 0x00007ffb0c487000 	C:\Windows\SYSTEM32\dhcpcsvc6.DLL
0x00007ffb0c4b0000 - 0x00007ffb0c4cd000 	C:\Windows\SYSTEM32\dhcpcsvc.DLL
0x00007ffb19500000 - 0x00007ffb195ca000 	C:\Windows\SYSTEM32\DNSAPI.dll
0x00007ffb0f8b0000 - 0x00007ffb0f8bb000 	C:\Windows\SYSTEM32\WINNSI.DLL

dbghelp: loaded successfully - version: 4.0.5 - missing functions: none
symbol engine: initialized successfully - sym options: 0x614 - pdb path: .;C:\Program Files\Android\Android Studio\jre\bin;C:\Windows\SYSTEM32;C:\Windows\WinSxS\amd64_microsoft.windows.common-controls_6595b64144ccf1df_6.0.19041.1110_none_60b5254171f9507e;C:\Program Files\Android\Android Studio\jre\bin\server;C:\Users\ASUS\.gradle\native\f6784746aeab05261644944871eae4fe03e0ef1612fff0a4a95f87b438bc6780\windows-amd64

VM Arguments:
jvm_args: --add-opens=java.base/java.util=ALL-UNNAMED --add-opens=java.base/java.lang=ALL-UNNAMED --add-opens=java.base/java.lang.invoke=ALL-UNNAMED --add-opens=java.prefs/java.util.prefs=ALL-UNNAMED -Xmx2048m -Dfile.encoding=UTF-8 -Duser.country=US -Duser.language=en -Duser.variant 
java_command: org.gradle.launcher.daemon.bootstrap.GradleDaemon 6.5
java_class_path (initial): C:\Users\ASUS\.gradle\wrapper\dists\gradle-6.5-all\2oz4ud9k3tuxjg84bbf55q0tn\gradle-6.5\lib\gradle-launcher-6.5.jar
Launcher Type: SUN_STANDARD

[Global flags]
     intx CICompilerCount                          = 4                                         {product} {ergonomic}
     uint ConcGCThreads                            = 3                                         {product} {ergonomic}
     uint G1ConcRefinementThreads                  = 10                                        {product} {ergonomic}
   size_t G1HeapRegionSize                         = 1048576                                   {product} {ergonomic}
    uintx GCDrainStackTargetSize                   = 64                                        {product} {ergonomic}
   size_t InitialHeapSize                          = 125829120                                 {product} {ergonomic}
   size_t MarkStackSize                            = 4194304                                   {product} {ergonomic}
   size_t MaxHeapSize                              = 2147483648                                {product} {command line}
   size_t MaxNewSize                               = 1287651328                                {product} {ergonomic}
   size_t MinHeapDeltaBytes                        = 1048576                                   {product} {ergonomic}
    uintx NonNMethodCodeHeapSize                   = 5836300                                {pd product} {ergonomic}
    uintx NonProfiledCodeHeapSize                  = 122910970                              {pd product} {ergonomic}
    uintx ProfiledCodeHeapSize                     = 122910970                              {pd product} {ergonomic}
    uintx ReservedCodeCacheSize                    = 251658240                              {pd product} {ergonomic}
     bool SegmentedCodeCache                       = true                                      {product} {ergonomic}
     bool UseCompressedClassPointers               = true                                 {lp64_product} {ergonomic}
     bool UseCompressedOops                        = true                                 {lp64_product} {ergonomic}
     bool UseG1GC                                  = true                                      {product} {ergonomic}
     bool UseLargePagesIndividualAllocation        = false                                  {pd product} {ergonomic}

Logging:
Log output configuration:
 #0: stdout all=warning uptime,level,tags
 #1: stderr all=off uptime,level,tags

Environment Variables:
PATH=C:\Program Files\Common Files\Oracle\Java\javapath;C:\Windows\system32;C:\Windows;C:\Windows\System32\Wbem;C:\Windows\System32\WindowsPowerShell\v1.0\;C:\Windows\System32\OpenSSH\;C:\MinGW\bin;C:\Program Files\Git\cmd;C:\Program Files\JetBrains\PyCharm Community Edition 2022.3\bin;C:\Users\ASUS\AppData\Local\Microsoft\WindowsApps;C:\Users\ASUS\AppData\Local\Programs\Microsoft VS Code\bin;C:\MinGW\bin
USERNAME=ASUS
OS=Windows_NT
PROCESSOR_IDENTIFIER=AMD64 Family 23 Model 104 Stepping 1, AuthenticAMD



---------------  S Y S T E M  ---------------

OS: Windows 10 , 64 bit Build 19041 (10.0.19041.2364)
OS uptime: 4 days 13:10 hours

CPU:total 12 (initial active 12) (12 cores per cpu, 2 threads per core) family 23 model 104 stepping 1 microcode 0x0, cmov, cx8, fxsr, mmx, sse, sse2, sse3, ssse3, sse4.1, sse4.2, popcnt, avx, avx2, aes, clmul, mmxext, 3dnowpref, lzcnt, sse4a, ht, tsc, tscinvbit, tscinv, bmi1, bmi2, adx, sha, fma

Memory: 4k page, system-wide physical 7563M (226M free)
TotalPageFile size 31115M (AvailPageFile size 18M)
current process WorkingSet (physical memory assigned to process): 364M, peak: 376M
current process commit charge ("private bytes"): 430M, peak: 459M

vm_info: OpenJDK 64-Bit Server VM (11.0.13+0-b1751.21-8125866) for windows-amd64 JRE (11.0.13+0-b1751.21-8125866), built on Feb  2 2022 03:00:22 by "builder" with MS VC++ 14.0 (VS2015)

END.
